2021-03-14 12:19:55,934 ERROR main                             - HealthChecker[sofaModuleHealthChecker] readiness check fail with 0 retry; fail details:{"go-biz-shared":"passed","go-common-dal":"passed","go-biz-service-impl":"failed"}; strict mode:true
2021-03-14 12:19:55,936 ERROR main                             - SOFABoot HealthChecker readiness check result: failed.
2021-03-14 12:19:55,937 ERROR main                             - HealthIndicator[sofaModuleHealthIndicator] readiness check fail; the status is: DOWN; the detail is: {"go-biz-shared":"passed","go-common-dal":"passed","go-biz-service-impl":"failed"}.
2021-03-14 12:19:55,938 ERROR main                             - SOFABoot HealthIndicator readiness check result: failed.
2021-03-14 12:19:55,938 ERROR main                             - Readiness check result: fail
2021-03-14 14:34:24,682 ERROR main                             - HealthChecker[sofaModuleHealthChecker] readiness check fail with 0 retry; fail details:{"go-biz-shared":"passed","go-common-dal":"failed","go-biz-service-impl":"failed"}; strict mode:true
2021-03-14 14:34:58,821 ERROR main                             - HealthChecker[sofaModuleHealthChecker] readiness check fail with 0 retry; fail details:{"go-biz-shared":"passed","go-common-dal":"failed","go-biz-service-impl":"failed"}; strict mode:true
2021-03-14 14:35:18,898 ERROR main                             - HealthChecker[sofaComponentHealthChecker] readiness check fail with 20 retry; fail details:{"reference:com.manda.go.common.dal.dai.NewsManageDao:#739604181":"[jvm,can not find corresponding jvm service]","reference:com.manda.go.facade.NewsWriteService:#739604181":"[jvm,can not find corresponding jvm service]","reference:javax.sql.DataSource:#823880751":"[jvm,can not find corresponding jvm service]","reference:com.manda.go.facade.NewsReadService:#739604181":"[jvm,passed]","Spring:go-biz-shared":"passed","service:com.manda.go.facade.NewsReadService":"[jvm,passed]"}; strict mode:true
2021-03-14 14:35:18,900 ERROR main                             - SOFABoot HealthChecker readiness check result: failed.
2021-03-14 14:35:18,903 ERROR main                             - HealthIndicator[sofaModuleHealthIndicator] readiness check fail; the status is: DOWN; the detail is: {"go-biz-shared":"passed","go-common-dal":"failed","go-biz-service-impl":"failed"}.
2021-03-14 14:35:20,099 ERROR main                             - HealthIndicator[dbHealthIndicator] readiness check fail; the status is: DOWN; the detail is: {"error":"org.springframework.jdbc.CannotGetJdbcConnectionException: Failed to obtain JDBC Connection; nested exception is java.sql.SQLException: Access denied for user 'achmadyogi'@'localhost' (using password: YES)"}.
2021-03-14 14:35:20,099 ERROR main                             - SOFABoot HealthIndicator readiness check result: failed.
2021-03-14 14:35:20,099 ERROR main                             - Readiness check result: fail
2021-03-14 14:36:30,278 ERROR main                             - HealthChecker[sofaModuleHealthChecker] readiness check fail with 0 retry; fail details:{"go-common-dal":"passed","go-biz-shared":"passed","go-biz-service-impl":"failed"}; strict mode:true
2021-03-14 14:36:50,357 ERROR main                             - HealthChecker[sofaComponentHealthChecker] readiness check fail with 20 retry; fail details:{"reference:com.manda.go.facade.NewsWriteService:#739604181":"[jvm,can not find corresponding jvm service]","reference:javax.sql.DataSource:#818315282":"[jvm,can not find corresponding jvm service]","reference:com.manda.go.facade.NewsReadService:#739604181":"[jvm,passed]","reference:com.manda.go.common.dal.dai.NewsManageDao:#739604181":"[jvm,passed]","Spring:go-biz-shared":"passed","Spring:go-common-dal":"passed","service:com.manda.go.facade.NewsReadService":"[jvm,passed]","service:com.manda.go.common.dal.dai.NewsManageDao":"[jvm,passed]"}; strict mode:true
2021-03-14 14:36:50,357 ERROR main                             - SOFABoot HealthChecker readiness check result: failed.
2021-03-14 14:36:50,363 ERROR main                             - HealthIndicator[sofaModuleHealthIndicator] readiness check fail; the status is: DOWN; the detail is: {"go-common-dal":"passed","go-biz-shared":"passed","go-biz-service-impl":"failed"}.
2021-03-14 14:36:51,591 ERROR main                             - HealthIndicator[dbHealthIndicator] readiness check fail; the status is: DOWN; the detail is: {"error":"org.springframework.jdbc.CannotGetJdbcConnectionException: Failed to obtain JDBC Connection; nested exception is java.sql.SQLException: Access denied for user 'achmadyogi'@'localhost' (using password: YES)"}.
2021-03-14 14:36:51,591 ERROR main                             - SOFABoot HealthIndicator readiness check result: failed.
2021-03-14 14:36:51,591 ERROR main                             - Readiness check result: fail
2021-03-14 14:41:25,768 ERROR main                             - HealthChecker[sofaModuleHealthChecker] readiness check fail with 0 retry; fail details:{"go-common-dal":"passed","go-biz-shared":"passed","go-biz-service-impl":"failed"}; strict mode:true
2021-03-14 14:41:45,845 ERROR main                             - HealthChecker[sofaComponentHealthChecker] readiness check fail with 20 retry; fail details:{"reference:com.manda.go.facade.NewsWriteService:#739604181":"[jvm,can not find corresponding jvm service]","reference:javax.sql.DataSource:#630748340":"[jvm,can not find corresponding jvm service]","reference:com.manda.go.facade.NewsReadService:#739604181":"[jvm,passed]","reference:com.manda.go.common.dal.dai.NewsManageDao:#739604181":"[jvm,passed]","Spring:go-biz-shared":"passed","Spring:go-common-dal":"passed","service:com.manda.go.facade.NewsReadService":"[jvm,passed]","service:com.manda.go.common.dal.dai.NewsManageDao":"[jvm,passed]"}; strict mode:true
2021-03-14 14:41:45,845 ERROR main                             - SOFABoot HealthChecker readiness check result: failed.
2021-03-14 14:41:45,848 ERROR main                             - HealthIndicator[sofaModuleHealthIndicator] readiness check fail; the status is: DOWN; the detail is: {"go-common-dal":"passed","go-biz-shared":"passed","go-biz-service-impl":"failed"}.
2021-03-14 14:41:47,052 ERROR main                             - HealthIndicator[dbHealthIndicator] readiness check fail; the status is: DOWN; the detail is: {"error":"org.springframework.jdbc.CannotGetJdbcConnectionException: Failed to obtain JDBC Connection; nested exception is java.sql.SQLException: Access denied for user 'achmadyogi'@'localhost' (using password: YES)"}.
2021-03-14 14:41:47,052 ERROR main                             - SOFABoot HealthIndicator readiness check result: failed.
2021-03-14 14:41:47,052 ERROR main                             - Readiness check result: fail
2021-03-14 14:45:47,458 ERROR main                             - HealthChecker[sofaModuleHealthChecker] readiness check fail with 0 retry; fail details:{"go-biz-shared":"passed","go-common-dal":"passed","go-biz-service-impl":"failed"}; strict mode:true
2021-03-14 14:46:07,549 ERROR main                             - HealthChecker[sofaComponentHealthChecker] readiness check fail with 20 retry; fail details:{"reference:com.manda.go.facade.NewsWriteService:#739604181":"[jvm,can not find corresponding jvm service]","reference:javax.sql.DataSource:#493043720":"[jvm,can not find corresponding jvm service]","reference:com.manda.go.facade.NewsReadService:#739604181":"[jvm,passed]","reference:com.manda.go.common.dal.dai.NewsManageDao:#739604181":"[jvm,passed]","Spring:go-biz-shared":"passed","Spring:go-common-dal":"passed","service:com.manda.go.facade.NewsReadService":"[jvm,passed]","service:com.manda.go.common.dal.dai.NewsManageDao":"[jvm,passed]"}; strict mode:true
2021-03-14 14:46:07,550 ERROR main                             - SOFABoot HealthChecker readiness check result: failed.
2021-03-14 14:46:07,553 ERROR main                             - HealthIndicator[sofaModuleHealthIndicator] readiness check fail; the status is: DOWN; the detail is: {"go-biz-shared":"passed","go-common-dal":"passed","go-biz-service-impl":"failed"}.
2021-03-14 14:46:08,743 ERROR main                             - HealthIndicator[dbHealthIndicator] readiness check fail; the status is: DOWN; the detail is: {"error":"org.springframework.jdbc.CannotGetJdbcConnectionException: Failed to obtain JDBC Connection; nested exception is java.sql.SQLException: Access denied for user 'achmadyogi'@'localhost' (using password: YES)"}.
2021-03-14 14:46:08,743 ERROR main                             - SOFABoot HealthIndicator readiness check result: failed.
2021-03-14 14:46:08,743 ERROR main                             - Readiness check result: fail
2021-03-14 14:49:03,769 ERROR main                             - HealthChecker[sofaModuleHealthChecker] readiness check fail with 0 retry; fail details:{"go-biz-shared":"passed","go-common-dal":"passed","go-biz-service-impl":"failed"}; strict mode:true
2021-03-14 14:49:23,853 ERROR main                             - HealthChecker[sofaComponentHealthChecker] readiness check fail with 20 retry; fail details:{"reference:javax.sql.DataSource:#895365502":"[jvm,can not find corresponding jvm service]","reference:com.manda.go.facade.NewsWriteService:#739604181":"[jvm,can not find corresponding jvm service]","reference:com.manda.go.facade.NewsReadService:#739604181":"[jvm,passed]","reference:com.manda.go.common.dal.dai.NewsManageDao:#739604181":"[jvm,passed]","Spring:go-biz-shared":"passed","Spring:go-common-dal":"passed","service:com.manda.go.facade.NewsReadService":"[jvm,passed]","service:com.manda.go.common.dal.dai.NewsManageDao":"[jvm,passed]"}; strict mode:true
2021-03-14 14:49:23,854 ERROR main                             - SOFABoot HealthChecker readiness check result: failed.
2021-03-14 14:49:23,857 ERROR main                             - HealthIndicator[sofaModuleHealthIndicator] readiness check fail; the status is: DOWN; the detail is: {"go-biz-shared":"passed","go-common-dal":"passed","go-biz-service-impl":"failed"}.
2021-03-14 14:49:25,012 ERROR main                             - HealthIndicator[dbHealthIndicator] readiness check fail; the status is: DOWN; the detail is: {"error":"org.springframework.jdbc.CannotGetJdbcConnectionException: Failed to obtain JDBC Connection; nested exception is java.sql.SQLException: Access denied for user 'achmadyogi'@'localhost' (using password: YES)"}.
2021-03-14 14:49:25,013 ERROR main                             - SOFABoot HealthIndicator readiness check result: failed.
2021-03-14 14:49:25,013 ERROR main                             - Readiness check result: fail
2021-03-14 14:51:14,261 ERROR main                             - HealthChecker[sofaModuleHealthChecker] readiness check fail with 0 retry; fail details:{"go-biz-shared":"passed","go-common-dal":"passed","go-biz-service-impl":"failed"}; strict mode:true
2021-03-14 14:51:34,337 ERROR main                             - HealthChecker[sofaComponentHealthChecker] readiness check fail with 20 retry; fail details:{"reference:javax.sql.DataSource:#818315282":"[jvm,can not find corresponding jvm service]","reference:com.manda.go.facade.NewsReadService:#739604181":"[jvm,passed]","service:com.manda.go.facade.NewsWriteService":"[jvm,passed]","reference:com.manda.go.common.dal.dai.NewsManageDao:#739604181":"[jvm,passed]","reference:com.manda.go.facade.NewsWriteService:#739604181":"[jvm,passed]","Spring:go-biz-shared":"passed","Spring:go-common-dal":"passed","service:com.manda.go.facade.NewsReadService":"[jvm,passed]","service:com.manda.go.common.dal.dai.NewsManageDao":"[jvm,passed]"}; strict mode:true
2021-03-14 14:51:34,338 ERROR main                             - SOFABoot HealthChecker readiness check result: failed.
2021-03-14 14:51:34,341 ERROR main                             - HealthIndicator[sofaModuleHealthIndicator] readiness check fail; the status is: DOWN; the detail is: {"go-biz-shared":"passed","go-common-dal":"passed","go-biz-service-impl":"failed"}.
2021-03-14 14:51:35,508 ERROR main                             - HealthIndicator[dbHealthIndicator] readiness check fail; the status is: DOWN; the detail is: {"error":"org.springframework.jdbc.CannotGetJdbcConnectionException: Failed to obtain JDBC Connection; nested exception is java.sql.SQLException: Access denied for user 'achmadyogi'@'localhost' (using password: YES)"}.
2021-03-14 14:51:35,508 ERROR main                             - SOFABoot HealthIndicator readiness check result: failed.
2021-03-14 14:51:35,509 ERROR main                             - Readiness check result: fail
2021-03-14 15:06:36,749 ERROR main                             - HealthChecker[sofaModuleHealthChecker] readiness check fail with 0 retry; fail details:{"go-biz-shared":"passed","go-common-dal":"failed","go-biz-service-impl":"failed"}; strict mode:true
2021-03-14 15:06:56,817 ERROR main                             - HealthChecker[sofaComponentHealthChecker] readiness check fail with 20 retry; fail details:{"reference:javax.sql.DataSource:#1911777474":"[jvm,can not find corresponding jvm service]","reference:com.manda.go.common.dal.dai.NewsManageDao:#739604181":"[jvm,can not find corresponding jvm service]","reference:com.manda.go.facade.NewsReadService:#739604181":"[jvm,passed]","service:com.manda.go.facade.NewsWriteService":"[jvm,passed]","reference:com.manda.go.facade.NewsWriteService:#739604181":"[jvm,passed]","Spring:go-biz-shared":"passed","service:com.manda.go.facade.NewsReadService":"[jvm,passed]"}; strict mode:true
2021-03-14 15:06:56,817 ERROR main                             - SOFABoot HealthChecker readiness check result: failed.
2021-03-14 15:06:56,821 ERROR main                             - HealthIndicator[sofaModuleHealthIndicator] readiness check fail; the status is: DOWN; the detail is: {"go-biz-shared":"passed","go-common-dal":"failed","go-biz-service-impl":"failed"}.
2021-03-14 15:06:58,180 ERROR main                             - HealthIndicator[dbHealthIndicator] readiness check fail; the status is: DOWN; the detail is: {"error":"org.springframework.jdbc.CannotGetJdbcConnectionException: Failed to obtain JDBC Connection; nested exception is java.sql.SQLException: Access denied for user 'achmadyogi'@'localhost' (using password: YES)"}.
2021-03-14 15:06:58,181 ERROR main                             - SOFABoot HealthIndicator readiness check result: failed.
2021-03-14 15:06:58,181 ERROR main                             - Readiness check result: fail
2021-03-14 15:09:59,424 ERROR main                             - HealthChecker[sofaModuleHealthChecker] readiness check fail with 0 retry; fail details:{"go-biz-shared":"passed","go-common-dal":"failed","go-biz-service-impl":"failed"}; strict mode:true
2021-03-14 15:10:19,492 ERROR main                             - HealthChecker[sofaComponentHealthChecker] readiness check fail with 20 retry; fail details:{"reference:com.manda.go.common.dal.dai.NewsManageDao:#739604181":"[jvm,can not find corresponding jvm service]","reference:javax.sql.DataSource:#131638008":"[jvm,can not find corresponding jvm service]","reference:com.manda.go.facade.NewsReadService:#739604181":"[jvm,passed]","service:com.manda.go.facade.NewsWriteService":"[jvm,passed]","reference:com.manda.go.facade.NewsWriteService:#739604181":"[jvm,passed]","Spring:go-biz-shared":"passed","service:com.manda.go.facade.NewsReadService":"[jvm,passed]"}; strict mode:true
2021-03-14 15:10:19,493 ERROR main                             - SOFABoot HealthChecker readiness check result: failed.
2021-03-14 15:10:19,496 ERROR main                             - HealthIndicator[sofaModuleHealthIndicator] readiness check fail; the status is: DOWN; the detail is: {"go-biz-shared":"passed","go-common-dal":"failed","go-biz-service-impl":"failed"}.
2021-03-14 15:10:19,675 ERROR main                             - SOFABoot HealthIndicator readiness check result: failed.
2021-03-14 15:10:19,676 ERROR main                             - Readiness check result: fail
2021-03-14 15:14:31,332 ERROR main                             - HealthChecker[sofaModuleHealthChecker] readiness check fail with 0 retry; fail details:{"go-biz-shared":"passed","go-common-dal":"failed","go-biz-service-impl":"failed"}; strict mode:true
2021-03-14 15:14:51,413 ERROR main                             - HealthChecker[sofaComponentHealthChecker] readiness check fail with 20 retry; fail details:{"reference:javax.sql.DataSource:#68972595":"[jvm,can not find corresponding jvm service]","reference:com.manda.go.common.dal.dai.NewsManageDao:#739604181":"[jvm,can not find corresponding jvm service]","reference:com.manda.go.facade.NewsReadService:#739604181":"[jvm,passed]","service:com.manda.go.facade.NewsWriteService":"[jvm,passed]","reference:com.manda.go.facade.NewsWriteService:#739604181":"[jvm,passed]","Spring:go-biz-shared":"passed","service:com.manda.go.facade.NewsReadService":"[jvm,passed]"}; strict mode:true
2021-03-14 15:14:51,414 ERROR main                             - SOFABoot HealthChecker readiness check result: failed.
2021-03-14 15:14:51,417 ERROR main                             - HealthIndicator[sofaModuleHealthIndicator] readiness check fail; the status is: DOWN; the detail is: {"go-biz-shared":"passed","go-common-dal":"failed","go-biz-service-impl":"failed"}.
2021-03-14 15:14:51,591 ERROR main                             - SOFABoot HealthIndicator readiness check result: failed.
2021-03-14 15:14:51,591 ERROR main                             - Readiness check result: fail
2021-03-14 15:19:38,369 ERROR main                             - HealthChecker[sofaModuleHealthChecker] readiness check fail with 0 retry; fail details:{"go-biz-shared":"passed","go-common-dal":"passed","go-biz-service-impl":"failed"}; strict mode:true
2021-03-14 15:19:58,450 ERROR main                             - HealthChecker[sofaComponentHealthChecker] readiness check fail with 20 retry; fail details:{"reference:javax.sql.DataSource:#1222696241":"[jvm,can not find corresponding jvm service]","service:com.manda.go.common.dal.dai.MissionManageDAO":"[jvm,passed]","reference:com.manda.go.facade.NewsReadService:#739604181":"[jvm,passed]","service:com.manda.go.facade.NewsWriteService":"[jvm,passed]","reference:com.manda.go.common.dal.dai.NewsManageDao:#739604181":"[jvm,passed]","reference:com.manda.go.facade.NewsWriteService:#739604181":"[jvm,passed]","Spring:go-biz-shared":"passed","Spring:go-common-dal":"passed","service:com.manda.go.facade.NewsReadService":"[jvm,passed]","service:com.manda.go.common.dal.dai.NewsManageDao":"[jvm,passed]"}; strict mode:true
2021-03-14 15:19:58,450 ERROR main                             - SOFABoot HealthChecker readiness check result: failed.
2021-03-14 15:19:58,453 ERROR main                             - HealthIndicator[sofaModuleHealthIndicator] readiness check fail; the status is: DOWN; the detail is: {"go-biz-shared":"passed","go-common-dal":"passed","go-biz-service-impl":"failed"}.
2021-03-14 15:19:58,628 ERROR main                             - SOFABoot HealthIndicator readiness check result: failed.
2021-03-14 15:19:58,629 ERROR main                             - Readiness check result: fail
2021-03-14 15:20:33,687 ERROR main                             - HealthChecker[sofaModuleHealthChecker] readiness check fail with 0 retry; fail details:{"go-biz-shared":"passed","go-common-dal":"passed","go-biz-service-impl":"failed"}; strict mode:true
2021-03-14 15:20:53,788 ERROR main                             - HealthChecker[sofaComponentHealthChecker] readiness check fail with 20 retry; fail details:{"reference:javax.sql.DataSource:#534455804":"[jvm,can not find corresponding jvm service]","reference:com.manda.go.facade.NewsWriteService:#739604181":"[jvm,can not find corresponding jvm service]","service:com.manda.go.common.dal.dai.MissionManageDAO":"[jvm,passed]","reference:com.manda.go.facade.NewsReadService:#739604181":"[jvm,passed]","reference:com.manda.go.common.dal.dai.NewsManageDao:#739604181":"[jvm,passed]","Spring:go-biz-shared":"passed","Spring:go-common-dal":"passed","service:com.manda.go.facade.NewsReadService":"[jvm,passed]","service:com.manda.go.common.dal.dai.NewsManageDao":"[jvm,passed]"}; strict mode:true
2021-03-14 15:20:53,789 ERROR main                             - SOFABoot HealthChecker readiness check result: failed.
2021-03-14 15:20:53,792 ERROR main                             - HealthIndicator[sofaModuleHealthIndicator] readiness check fail; the status is: DOWN; the detail is: {"go-biz-shared":"passed","go-common-dal":"passed","go-biz-service-impl":"failed"}.
2021-03-14 15:20:53,956 ERROR main                             - SOFABoot HealthIndicator readiness check result: failed.
2021-03-14 15:20:53,956 ERROR main                             - Readiness check result: fail
2021-03-14 15:23:16,693 ERROR main                             - HealthChecker[sofaModuleHealthChecker] readiness check fail with 0 retry; fail details:{"go-common-dal":"passed","go-biz-shared":"passed","go-biz-service-impl":"failed"}; strict mode:true
2021-03-14 15:23:36,783 ERROR main                             - HealthChecker[sofaComponentHealthChecker] readiness check fail with 20 retry; fail details:{"reference:com.manda.go.facade.NewsWriteService:#739604181":"[jvm,can not find corresponding jvm service]","reference:javax.sql.DataSource:#1505580596":"[jvm,can not find corresponding jvm service]","service:com.manda.go.common.dal.dai.MissionManageDAO":"[jvm,passed]","reference:com.manda.go.facade.NewsReadService:#739604181":"[jvm,passed]","reference:com.manda.go.common.dal.dai.NewsManageDao:#739604181":"[jvm,passed]","Spring:go-biz-shared":"passed","Spring:go-common-dal":"passed","service:com.manda.go.facade.NewsReadService":"[jvm,passed]","service:com.manda.go.common.dal.dai.NewsManageDao":"[jvm,passed]"}; strict mode:true
2021-03-14 15:23:36,785 ERROR main                             - SOFABoot HealthChecker readiness check result: failed.
2021-03-14 15:23:36,788 ERROR main                             - HealthIndicator[sofaModuleHealthIndicator] readiness check fail; the status is: DOWN; the detail is: {"go-common-dal":"passed","go-biz-shared":"passed","go-biz-service-impl":"failed"}.
2021-03-14 15:23:36,964 ERROR main                             - SOFABoot HealthIndicator readiness check result: failed.
2021-03-14 15:23:36,964 ERROR main                             - Readiness check result: fail
2021-03-14 15:36:46,264 ERROR main                             - HealthChecker[sofaModuleHealthChecker] readiness check fail with 0 retry; fail details:{"go-biz-shared":"passed","go-common-dal":"failed","go-biz-service-impl":"failed"}; strict mode:true
2021-03-14 15:37:06,341 ERROR main                             - HealthChecker[sofaComponentHealthChecker] readiness check fail with 20 retry; fail details:{"reference:javax.sql.DataSource:#324113848":"[jvm,can not find corresponding jvm service]","reference:com.manda.go.common.dal.dai.NewsManageDao:#739604181":"[jvm,can not find corresponding jvm service]","reference:com.manda.go.facade.NewsWriteService:#739604181":"[jvm,can not find corresponding jvm service]","reference:com.manda.go.facade.NewsReadService:#739604181":"[jvm,passed]","Spring:go-biz-shared":"passed","service:com.manda.go.facade.NewsReadService":"[jvm,passed]"}; strict mode:true
2021-03-14 15:37:06,341 ERROR main                             - SOFABoot HealthChecker readiness check result: failed.
2021-03-14 15:37:06,344 ERROR main                             - HealthIndicator[sofaModuleHealthIndicator] readiness check fail; the status is: DOWN; the detail is: {"go-biz-shared":"passed","go-common-dal":"failed","go-biz-service-impl":"failed"}.
2021-03-14 15:37:06,534 ERROR main                             - SOFABoot HealthIndicator readiness check result: failed.
2021-03-14 15:37:06,534 ERROR main                             - Readiness check result: fail
2021-03-14 15:41:04,063 ERROR main                             - HealthChecker[sofaModuleHealthChecker] readiness check fail with 0 retry; fail details:{"go-biz-shared":"passed","go-common-dal":"failed","go-biz-service-impl":"failed"}; strict mode:true
2021-03-14 15:41:24,166 ERROR main                             - HealthChecker[sofaComponentHealthChecker] readiness check fail with 20 retry; fail details:{"reference:com.manda.go.common.dal.dai.NewsManageDao:#739604181":"[jvm,can not find corresponding jvm service]","reference:javax.sql.DataSource:#817566317":"[jvm,can not find corresponding jvm service]","reference:com.manda.go.facade.NewsReadService:#739604181":"[jvm,passed]","service:com.manda.go.facade.NewsWriteService":"[jvm,passed]","reference:com.manda.go.facade.NewsWriteService:#739604181":"[jvm,passed]","Spring:go-biz-shared":"passed","service:com.manda.go.facade.NewsReadService":"[jvm,passed]"}; strict mode:true
2021-03-14 15:41:24,168 ERROR main                             - SOFABoot HealthChecker readiness check result: failed.
2021-03-14 15:41:24,171 ERROR main                             - HealthIndicator[sofaModuleHealthIndicator] readiness check fail; the status is: DOWN; the detail is: {"go-biz-shared":"passed","go-common-dal":"failed","go-biz-service-impl":"failed"}.
2021-03-14 15:41:24,355 ERROR main                             - SOFABoot HealthIndicator readiness check result: failed.
2021-03-14 15:41:24,355 ERROR main                             - Readiness check result: fail
2021-03-14 15:42:48,237 ERROR main                             - HealthChecker[sofaModuleHealthChecker] readiness check fail with 0 retry; fail details:{"go-biz-shared":"passed","go-biz-service-impl":"passed","go-common-dal":"failed"}; strict mode:true
2021-03-14 15:43:08,305 ERROR main                             - HealthChecker[sofaComponentHealthChecker] readiness check fail with 20 retry; fail details:{"reference:com.manda.go.common.dal.dai.NewsManageDao:#739604181":"[jvm,can not find corresponding jvm service]","reference:javax.sql.DataSource:#1322665124":"[jvm,can not find corresponding jvm service]","reference:com.manda.go.facade.NewsReadService:#739604181":"[jvm,passed]","service:com.manda.go.facade.NewsWriteService":"[jvm,passed]","reference:com.manda.go.facade.NewsWriteService:#739604181":"[jvm,passed]","Spring:go-biz-shared":"passed","service:com.manda.go.facade.NewsReadService":"[jvm,passed]","Spring:go-biz-service-impl":"passed"}; strict mode:true
2021-03-14 15:43:08,306 ERROR main                             - SOFABoot HealthChecker readiness check result: failed.
2021-03-14 15:43:08,309 ERROR main                             - HealthIndicator[sofaModuleHealthIndicator] readiness check fail; the status is: DOWN; the detail is: {"go-biz-shared":"passed","go-biz-service-impl":"passed","go-common-dal":"failed"}.
2021-03-14 15:43:08,490 ERROR main                             - SOFABoot HealthIndicator readiness check result: failed.
2021-03-14 15:43:08,490 ERROR main                             - Readiness check result: fail
2021-03-14 15:45:20,008 ERROR main                             - HealthChecker[sofaModuleHealthChecker] readiness check fail with 0 retry; fail details:{"go-common-dal":"passed","go-biz-shared":"passed","go-biz-service-impl":"failed"}; strict mode:true
2021-03-14 15:45:40,067 ERROR main                             - HealthChecker[sofaComponentHealthChecker] readiness check fail with 20 retry; fail details:{"reference:com.manda.go.facade.NewsWriteService:#739604181":"[jvm,can not find corresponding jvm service]","reference:javax.sql.DataSource:#630748340":"[jvm,can not find corresponding jvm service]","reference:com.manda.go.facade.NewsReadService:#739604181":"[jvm,passed]","reference:com.manda.go.common.dal.dai.NewsManageDao:#739604181":"[jvm,passed]","Spring:go-biz-shared":"passed","Spring:go-common-dal":"passed","service:com.manda.go.facade.NewsReadService":"[jvm,passed]","service:com.manda.go.common.dal.dai.NewsManageDao":"[jvm,passed]"}; strict mode:true
2021-03-14 15:45:40,067 ERROR main                             - SOFABoot HealthChecker readiness check result: failed.
2021-03-14 15:45:40,070 ERROR main                             - HealthIndicator[sofaModuleHealthIndicator] readiness check fail; the status is: DOWN; the detail is: {"go-common-dal":"passed","go-biz-shared":"passed","go-biz-service-impl":"failed"}.
2021-03-14 15:45:40,292 ERROR main                             - SOFABoot HealthIndicator readiness check result: failed.
2021-03-14 15:45:40,292 ERROR main                             - Readiness check result: fail
2021-03-14 15:47:54,749 ERROR main                             - HealthChecker[sofaModuleHealthChecker] readiness check fail with 0 retry; fail details:{"go-biz-shared":"passed","go-biz-service-impl":"passed","go-common-dal":"failed"}; strict mode:true
2021-03-14 15:48:14,821 ERROR main                             - HealthChecker[sofaComponentHealthChecker] readiness check fail with 20 retry; fail details:{"reference:com.manda.go.common.dal.dai.NewsManageDao:#739604181":"[jvm,can not find corresponding jvm service]","reference:javax.sql.DataSource:#874295400":"[jvm,can not find corresponding jvm service]","reference:com.manda.go.facade.NewsReadService:#739604181":"[jvm,passed]","service:com.manda.go.facade.NewsWriteService":"[jvm,passed]","reference:com.manda.go.facade.NewsWriteService:#739604181":"[jvm,passed]","Spring:go-biz-shared":"passed","service:com.manda.go.facade.NewsReadService":"[jvm,passed]","Spring:go-biz-service-impl":"passed"}; strict mode:true
2021-03-14 15:48:14,822 ERROR main                             - SOFABoot HealthChecker readiness check result: failed.
2021-03-14 15:48:14,824 ERROR main                             - HealthIndicator[sofaModuleHealthIndicator] readiness check fail; the status is: DOWN; the detail is: {"go-biz-shared":"passed","go-biz-service-impl":"passed","go-common-dal":"failed"}.
2021-03-14 15:48:14,998 ERROR main                             - SOFABoot HealthIndicator readiness check result: failed.
2021-03-14 15:48:14,998 ERROR main                             - Readiness check result: fail
2021-03-14 15:52:23,280 ERROR main                             - HealthChecker[sofaComponentHealthChecker] readiness check fail with 20 retry; fail details:{"reference:javax.sql.DataSource:#895365502":"[jvm,can not find corresponding jvm service]","reference:com.manda.go.facade.NewsReadService:#739604181":"[jvm,passed]","service:com.manda.go.facade.NewsWriteService":"[jvm,passed]","reference:com.manda.go.common.dal.dai.NewsManageDao:#739604181":"[jvm,passed]","reference:com.manda.go.facade.NewsWriteService:#739604181":"[jvm,passed]","Spring:go-biz-shared":"passed","Spring:go-common-dal":"passed","service:com.manda.go.facade.NewsReadService":"[jvm,passed]","service:com.manda.go.common.dal.dai.NewsManageDao":"[jvm,passed]","Spring:go-biz-service-impl":"passed"}; strict mode:true
2021-03-14 15:52:23,281 ERROR main                             - SOFABoot HealthChecker readiness check result: failed.
2021-03-14 15:52:23,664 ERROR main                             - Readiness check result: fail
2021-03-14 15:53:31,134 ERROR main                             - HealthChecker[sofaComponentHealthChecker] readiness check fail with 20 retry; fail details:{"reference:javax.sql.DataSource:#1694178978":"[jvm,can not find corresponding jvm service]","reference:com.manda.go.facade.NewsReadService:#739604181":"[jvm,passed]","service:com.manda.go.facade.NewsWriteService":"[jvm,passed]","reference:com.manda.go.common.dal.dai.NewsManageDao:#739604181":"[jvm,passed]","reference:com.manda.go.facade.NewsWriteService:#739604181":"[jvm,passed]","Spring:go-biz-shared":"passed","Spring:go-common-dal":"passed","service:com.manda.go.facade.NewsReadService":"[jvm,passed]","service:com.manda.go.common.dal.dai.NewsManageDao":"[jvm,passed]","Spring:go-biz-service-impl":"passed"}; strict mode:true
2021-03-14 15:53:31,135 ERROR main                             - SOFABoot HealthChecker readiness check result: failed.
2021-03-14 15:53:31,347 ERROR main                             - Readiness check result: fail
2021-03-14 15:55:50,404 ERROR main                             - HealthChecker[sofaComponentHealthChecker] readiness check fail with 20 retry; fail details:{"reference:javax.sql.DataSource:#1136608987":"[jvm,can not find corresponding jvm service]","reference:com.manda.go.facade.NewsReadService:#739604181":"[jvm,passed]","service:com.manda.go.facade.NewsWriteService":"[jvm,passed]","reference:com.manda.go.common.dal.dai.NewsManageDao:#739604181":"[jvm,passed]","reference:com.manda.go.facade.NewsWriteService:#739604181":"[jvm,passed]","Spring:go-biz-shared":"passed","Spring:go-common-dal":"passed","service:com.manda.go.facade.NewsReadService":"[jvm,passed]","service:com.manda.go.common.dal.dai.NewsManageDao":"[jvm,passed]","Spring:go-biz-service-impl":"passed"}; strict mode:true
2021-03-14 15:55:50,404 ERROR main                             - SOFABoot HealthChecker readiness check result: failed.
2021-03-14 15:55:50,584 ERROR main                             - Readiness check result: fail
2021-03-14 15:57:09,942 ERROR main                             - HealthChecker[sofaComponentHealthChecker] readiness check fail with 20 retry; fail details:{"reference:javax.sql.DataSource:#1432793332":"[jvm,can not find corresponding jvm service]","reference:com.manda.go.facade.NewsReadService:#739604181":"[jvm,passed]","service:com.manda.go.facade.NewsWriteService":"[jvm,passed]","reference:com.manda.go.common.dal.dai.NewsManageDao:#739604181":"[jvm,passed]","reference:com.manda.go.facade.NewsWriteService:#739604181":"[jvm,passed]","Spring:go-biz-shared":"passed","Spring:go-common-dal":"passed","service:com.manda.go.facade.NewsReadService":"[jvm,passed]","service:com.manda.go.common.dal.dai.NewsManageDao":"[jvm,passed]","Spring:go-biz-service-impl":"passed"}; strict mode:true
2021-03-14 15:57:09,942 ERROR main                             - SOFABoot HealthChecker readiness check result: failed.
2021-03-14 15:57:10,114 ERROR main                             - Readiness check result: fail
2021-03-14 15:59:29,143 ERROR main                             - HealthChecker[sofaComponentHealthChecker] readiness check fail with 20 retry; fail details:{"reference:javax.sql.DataSource:#559171568":"[jvm,can not find corresponding jvm service]","reference:com.manda.go.facade.NewsReadService:#739604181":"[jvm,passed]","service:com.manda.go.facade.NewsWriteService":"[jvm,passed]","reference:com.manda.go.common.dal.dai.NewsManageDao:#739604181":"[jvm,passed]","reference:com.manda.go.facade.NewsWriteService:#739604181":"[jvm,passed]","Spring:go-biz-shared":"passed","Spring:go-common-dal":"passed","service:com.manda.go.facade.NewsReadService":"[jvm,passed]","service:com.manda.go.common.dal.dai.NewsManageDao":"[jvm,passed]","Spring:go-biz-service-impl":"passed"}; strict mode:true
2021-03-14 15:59:29,143 ERROR main                             - SOFABoot HealthChecker readiness check result: failed.
2021-03-14 15:59:29,319 ERROR main                             - Readiness check result: fail
2021-03-14 16:01:57,346 ERROR main                             - HealthChecker[sofaComponentHealthChecker] readiness check fail with 20 retry; fail details:{"reference:javax.sql.DataSource:#1202585083":"[jvm,can not find corresponding jvm service]","reference:com.manda.go.facade.NewsReadService:#739604181":"[jvm,passed]","service:com.manda.go.facade.NewsWriteService":"[jvm,passed]","reference:com.manda.go.common.dal.dai.NewsManageDao:#739604181":"[jvm,passed]","reference:com.manda.go.facade.NewsWriteService:#739604181":"[jvm,passed]","Spring:go-biz-shared":"passed","Spring:go-common-dal":"passed","service:com.manda.go.facade.NewsReadService":"[jvm,passed]","service:com.manda.go.common.dal.dai.NewsManageDao":"[jvm,passed]","Spring:go-biz-service-impl":"passed"}; strict mode:true
2021-03-14 16:01:57,346 ERROR main                             - SOFABoot HealthChecker readiness check result: failed.
2021-03-14 16:01:57,619 ERROR main                             - Readiness check result: fail
2021-03-14 16:06:33,099 ERROR main                             - HealthChecker[sofaComponentHealthChecker] readiness check fail with 20 retry; fail details:{"reference:javax.sql.DataSource:#895365502":"[jvm,can not find corresponding jvm service]","reference:com.manda.go.common.dal.dai.MissionManageDAO:#739604181":"[jvm,can not find corresponding jvm service]","reference:com.manda.go.facade.NewsReadService:#739604181":"[jvm,passed]","service:com.manda.go.facade.NewsWriteService":"[jvm,passed]","reference:com.manda.go.facade.NewsWriteService:#739604181":"[jvm,passed]","Spring:go-biz-shared":"passed","Spring:go-common-dal":"passed","service:com.manda.go.facade.NewsReadService":"[jvm,passed]","Spring:go-biz-service-impl":"passed"}; strict mode:true
2021-03-14 16:06:33,101 ERROR main                             - SOFABoot HealthChecker readiness check result: failed.
2021-03-14 16:06:33,260 ERROR main                             - Readiness check result: fail
