2021-03-16 10:48:03,963 INFO  main                             - Found 2 HealthChecker implementation:sofaModuleHealthChecker,sofaComponentHealthChecker
2021-03-16 10:48:03,966 INFO  main                             - Found 5 HealthIndicator implementation:sofaModuleHealthIndicator,sofaBootHealthIndicator,multiApplicationHealthIndicator,diskSpaceHealthIndicator,dbHealthIndicator
2021-03-16 10:48:03,967 INFO  main                             - Found 0 ReadinessCheckCallback implementation: 
2021-03-16 10:48:03,968 INFO  main                             - Begin SOFABoot HealthChecker readiness check.
2021-03-16 10:48:03,971 INFO  main                             - HealthChecker[sofaModuleHealthChecker] readiness check success with 0 retry.
2021-03-16 10:48:03,973 INFO  main                             - HealthChecker[sofaComponentHealthChecker] readiness check fail with 0 retry.
2021-03-16 10:48:04,977 INFO  main                             - HealthChecker[sofaComponentHealthChecker] readiness check fail with 1 retry.
2021-03-16 10:48:05,980 INFO  main                             - HealthChecker[sofaComponentHealthChecker] readiness check fail with 2 retry.
2021-03-16 10:48:06,983 INFO  main                             - HealthChecker[sofaComponentHealthChecker] readiness check fail with 3 retry.
2021-03-16 10:48:07,987 INFO  main                             - HealthChecker[sofaComponentHealthChecker] readiness check fail with 4 retry.
2021-03-16 10:48:08,988 INFO  main                             - HealthChecker[sofaComponentHealthChecker] readiness check fail with 5 retry.
2021-03-16 10:48:10,002 INFO  main                             - HealthChecker[sofaComponentHealthChecker] readiness check fail with 6 retry.
2021-03-16 10:48:11,005 INFO  main                             - HealthChecker[sofaComponentHealthChecker] readiness check fail with 7 retry.
2021-03-16 10:48:12,009 INFO  main                             - HealthChecker[sofaComponentHealthChecker] readiness check fail with 8 retry.
2021-03-16 10:48:13,014 INFO  main                             - HealthChecker[sofaComponentHealthChecker] readiness check fail with 9 retry.
2021-03-16 10:48:14,017 INFO  main                             - HealthChecker[sofaComponentHealthChecker] readiness check fail with 10 retry.
2021-03-16 10:48:15,022 INFO  main                             - HealthChecker[sofaComponentHealthChecker] readiness check fail with 11 retry.
2021-03-16 10:48:16,025 INFO  main                             - HealthChecker[sofaComponentHealthChecker] readiness check fail with 12 retry.
2021-03-16 10:48:17,029 INFO  main                             - HealthChecker[sofaComponentHealthChecker] readiness check fail with 13 retry.
2021-03-16 10:48:18,032 INFO  main                             - HealthChecker[sofaComponentHealthChecker] readiness check fail with 14 retry.
2021-03-16 10:48:19,033 INFO  main                             - HealthChecker[sofaComponentHealthChecker] readiness check fail with 15 retry.
2021-03-16 10:48:20,038 INFO  main                             - HealthChecker[sofaComponentHealthChecker] readiness check fail with 16 retry.
2021-03-16 10:48:21,039 INFO  main                             - HealthChecker[sofaComponentHealthChecker] readiness check fail with 17 retry.
2021-03-16 10:48:22,042 INFO  main                             - HealthChecker[sofaComponentHealthChecker] readiness check fail with 18 retry.
2021-03-16 10:48:23,045 INFO  main                             - HealthChecker[sofaComponentHealthChecker] readiness check fail with 19 retry.
2021-03-16 10:48:24,098 ERROR main                             - HealthChecker[sofaComponentHealthChecker] readiness check fail with 20 retry; fail details:{"reference:com.manda.go.facade.UserServiceFacade:#739604181":"[jvm,can not find corresponding jvm service]","reference:com.manda.go.common.dal.dai.MissionManageDAO:#739604181":"[jvm,can not find corresponding jvm service]","reference:javax.sql.DataSource:#1650211101":"[jvm,can not find corresponding jvm service]","reference:com.manda.go.core.service.UserService:#739604181":"[jvm,can not find corresponding jvm service]","reference:com.manda.go.facade.NewsReadService:#739604181":"[jvm,passed]","service:com.manda.go.facade.NewsWriteService":"[jvm,passed]","reference:com.manda.go.facade.NewsWriteService:#739604181":"[jvm,passed]","Spring:go-biz-shared":"passed","Spring:go-common-dal":"passed","service:com.manda.go.facade.NewsReadService":"[jvm,passed]","Spring:go-biz-service-impl":"passed"}; strict mode:true
2021-03-16 10:48:24,102 ERROR main                             - SOFABoot HealthChecker readiness check result: failed.
2021-03-16 10:48:24,109 INFO  main                             - Begin SOFABoot HealthIndicator readiness check.
2021-03-16 10:48:24,112 INFO  main                             - HealthIndicator[sofaModuleHealthIndicator] readiness check success.
2021-03-16 10:48:24,113 INFO  main                             - HealthIndicator[diskSpaceHealthIndicator] readiness check success.
2021-03-16 10:48:24,394 INFO  main                             - HealthIndicator[dbHealthIndicator] readiness check success.
2021-03-16 10:48:24,394 INFO  main                             - SOFABoot HealthIndicator readiness check result: success.
2021-03-16 10:48:24,394 ERROR main                             - Readiness check result: fail
2021-03-16 10:49:03,462 INFO  main                             - Found 2 HealthChecker implementation:sofaModuleHealthChecker,sofaComponentHealthChecker
2021-03-16 10:49:03,464 INFO  main                             - Found 5 HealthIndicator implementation:sofaModuleHealthIndicator,sofaBootHealthIndicator,multiApplicationHealthIndicator,diskSpaceHealthIndicator,dbHealthIndicator
2021-03-16 10:49:03,465 INFO  main                             - Found 0 ReadinessCheckCallback implementation: 
2021-03-16 10:49:03,465 INFO  main                             - Begin SOFABoot HealthChecker readiness check.
2021-03-16 10:49:03,466 INFO  main                             - HealthChecker[sofaModuleHealthChecker] readiness check success with 0 retry.
2021-03-16 10:49:03,468 INFO  main                             - HealthChecker[sofaComponentHealthChecker] readiness check fail with 0 retry.
2021-03-16 10:49:04,468 INFO  main                             - HealthChecker[sofaComponentHealthChecker] readiness check fail with 1 retry.
2021-03-16 10:49:05,472 INFO  main                             - HealthChecker[sofaComponentHealthChecker] readiness check fail with 2 retry.
2021-03-16 10:49:06,474 INFO  main                             - HealthChecker[sofaComponentHealthChecker] readiness check fail with 3 retry.
2021-03-16 10:49:07,479 INFO  main                             - HealthChecker[sofaComponentHealthChecker] readiness check fail with 4 retry.
2021-03-16 10:49:08,483 INFO  main                             - HealthChecker[sofaComponentHealthChecker] readiness check fail with 5 retry.
2021-03-16 10:49:09,488 INFO  main                             - HealthChecker[sofaComponentHealthChecker] readiness check fail with 6 retry.
2021-03-16 10:49:10,488 INFO  main                             - HealthChecker[sofaComponentHealthChecker] readiness check fail with 7 retry.
2021-03-16 10:49:11,489 INFO  main                             - HealthChecker[sofaComponentHealthChecker] readiness check fail with 8 retry.
2021-03-16 10:49:12,490 INFO  main                             - HealthChecker[sofaComponentHealthChecker] readiness check fail with 9 retry.
2021-03-16 10:49:13,493 INFO  main                             - HealthChecker[sofaComponentHealthChecker] readiness check fail with 10 retry.
2021-03-16 10:49:14,495 INFO  main                             - HealthChecker[sofaComponentHealthChecker] readiness check fail with 11 retry.
2021-03-16 10:49:15,496 INFO  main                             - HealthChecker[sofaComponentHealthChecker] readiness check fail with 12 retry.
2021-03-16 10:49:16,498 INFO  main                             - HealthChecker[sofaComponentHealthChecker] readiness check fail with 13 retry.
2021-03-16 10:49:17,502 INFO  main                             - HealthChecker[sofaComponentHealthChecker] readiness check fail with 14 retry.
2021-03-16 10:49:18,507 INFO  main                             - HealthChecker[sofaComponentHealthChecker] readiness check fail with 15 retry.
2021-03-16 10:49:19,509 INFO  main                             - HealthChecker[sofaComponentHealthChecker] readiness check fail with 16 retry.
2021-03-16 10:49:20,509 INFO  main                             - HealthChecker[sofaComponentHealthChecker] readiness check fail with 17 retry.
2021-03-16 10:49:21,512 INFO  main                             - HealthChecker[sofaComponentHealthChecker] readiness check fail with 18 retry.
2021-03-16 10:49:22,513 INFO  main                             - HealthChecker[sofaComponentHealthChecker] readiness check fail with 19 retry.
2021-03-16 10:49:23,533 ERROR main                             - HealthChecker[sofaComponentHealthChecker] readiness check fail with 20 retry; fail details:{"reference:com.manda.go.facade.UserServiceFacade:#739604181":"[jvm,can not find corresponding jvm service]","reference:javax.sql.DataSource:#1432793332":"[jvm,can not find corresponding jvm service]","reference:com.manda.go.common.dal.dai.MissionManageDAO:#739604181":"[jvm,can not find corresponding jvm service]","reference:com.manda.go.core.service.UserService:#739604181":"[jvm,can not find corresponding jvm service]","reference:com.manda.go.facade.NewsReadService:#739604181":"[jvm,passed]","service:com.manda.go.facade.NewsWriteService":"[jvm,passed]","reference:com.manda.go.facade.NewsWriteService:#739604181":"[jvm,passed]","Spring:go-biz-shared":"passed","Spring:go-common-dal":"passed","service:com.manda.go.facade.NewsReadService":"[jvm,passed]","Spring:go-biz-service-impl":"passed"}; strict mode:true
2021-03-16 10:49:23,533 ERROR main                             - SOFABoot HealthChecker readiness check result: failed.
2021-03-16 10:49:23,534 INFO  main                             - Begin SOFABoot HealthIndicator readiness check.
2021-03-16 10:49:23,534 INFO  main                             - HealthIndicator[sofaModuleHealthIndicator] readiness check success.
2021-03-16 10:49:23,535 INFO  main                             - HealthIndicator[diskSpaceHealthIndicator] readiness check success.
2021-03-16 10:49:23,729 INFO  main                             - HealthIndicator[dbHealthIndicator] readiness check success.
2021-03-16 10:49:23,730 INFO  main                             - SOFABoot HealthIndicator readiness check result: success.
2021-03-16 10:49:23,730 ERROR main                             - Readiness check result: fail
2021-03-16 10:52:11,432 INFO  main                             - Found 2 HealthChecker implementation:sofaModuleHealthChecker,sofaComponentHealthChecker
2021-03-16 10:52:11,433 INFO  main                             - Found 5 HealthIndicator implementation:sofaModuleHealthIndicator,sofaBootHealthIndicator,multiApplicationHealthIndicator,diskSpaceHealthIndicator,dbHealthIndicator
2021-03-16 10:52:11,434 INFO  main                             - Found 0 ReadinessCheckCallback implementation: 
2021-03-16 10:52:11,434 INFO  main                             - Begin SOFABoot HealthChecker readiness check.
2021-03-16 10:52:11,437 INFO  main                             - HealthChecker[sofaModuleHealthChecker] readiness check success with 0 retry.
2021-03-16 10:52:11,440 INFO  main                             - HealthChecker[sofaComponentHealthChecker] readiness check fail with 0 retry.
2021-03-16 10:52:12,445 INFO  main                             - HealthChecker[sofaComponentHealthChecker] readiness check fail with 1 retry.
2021-03-16 10:52:13,447 INFO  main                             - HealthChecker[sofaComponentHealthChecker] readiness check fail with 2 retry.
2021-03-16 10:52:14,452 INFO  main                             - HealthChecker[sofaComponentHealthChecker] readiness check fail with 3 retry.
2021-03-16 10:52:15,455 INFO  main                             - HealthChecker[sofaComponentHealthChecker] readiness check fail with 4 retry.
2021-03-16 10:52:16,456 INFO  main                             - HealthChecker[sofaComponentHealthChecker] readiness check fail with 5 retry.
2021-03-16 10:52:17,462 INFO  main                             - HealthChecker[sofaComponentHealthChecker] readiness check fail with 6 retry.
2021-03-16 10:52:18,465 INFO  main                             - HealthChecker[sofaComponentHealthChecker] readiness check fail with 7 retry.
2021-03-16 10:52:19,468 INFO  main                             - HealthChecker[sofaComponentHealthChecker] readiness check fail with 8 retry.
2021-03-16 10:52:20,473 INFO  main                             - HealthChecker[sofaComponentHealthChecker] readiness check fail with 9 retry.
2021-03-16 10:52:21,475 INFO  main                             - HealthChecker[sofaComponentHealthChecker] readiness check fail with 10 retry.
2021-03-16 10:52:22,479 INFO  main                             - HealthChecker[sofaComponentHealthChecker] readiness check fail with 11 retry.
2021-03-16 10:52:23,485 INFO  main                             - HealthChecker[sofaComponentHealthChecker] readiness check fail with 12 retry.
2021-03-16 10:52:24,489 INFO  main                             - HealthChecker[sofaComponentHealthChecker] readiness check fail with 13 retry.
2021-03-16 10:52:25,490 INFO  main                             - HealthChecker[sofaComponentHealthChecker] readiness check fail with 14 retry.
2021-03-16 10:52:26,493 INFO  main                             - HealthChecker[sofaComponentHealthChecker] readiness check fail with 15 retry.
2021-03-16 10:52:27,496 INFO  main                             - HealthChecker[sofaComponentHealthChecker] readiness check fail with 16 retry.
2021-03-16 10:52:28,497 INFO  main                             - HealthChecker[sofaComponentHealthChecker] readiness check fail with 17 retry.
2021-03-16 10:52:29,499 INFO  main                             - HealthChecker[sofaComponentHealthChecker] readiness check fail with 18 retry.
2021-03-16 10:52:30,502 INFO  main                             - HealthChecker[sofaComponentHealthChecker] readiness check fail with 19 retry.
2021-03-16 10:52:31,531 ERROR main                             - HealthChecker[sofaComponentHealthChecker] readiness check fail with 20 retry; fail details:{"reference:com.manda.go.facade.UserServiceFacade:#739604181":"[jvm,can not find corresponding jvm service]","reference:com.manda.go.common.dal.dai.MissionManageDAO:#739604181":"[jvm,can not find corresponding jvm service]","reference:javax.sql.DataSource:#1917661278":"[jvm,can not find corresponding jvm service]","reference:com.manda.go.core.service.UserService:#739604181":"[jvm,can not find corresponding jvm service]","reference:com.manda.go.facade.NewsReadService:#739604181":"[jvm,passed]","service:com.manda.go.facade.NewsWriteService":"[jvm,passed]","reference:com.manda.go.facade.NewsWriteService:#739604181":"[jvm,passed]","Spring:go-biz-shared":"passed","Spring:go-common-dal":"passed","service:com.manda.go.facade.NewsReadService":"[jvm,passed]","Spring:go-biz-service-impl":"passed"}; strict mode:true
2021-03-16 10:52:31,531 ERROR main                             - SOFABoot HealthChecker readiness check result: failed.
2021-03-16 10:52:31,532 INFO  main                             - Begin SOFABoot HealthIndicator readiness check.
2021-03-16 10:52:31,533 INFO  main                             - HealthIndicator[sofaModuleHealthIndicator] readiness check success.
2021-03-16 10:52:31,533 INFO  main                             - HealthIndicator[diskSpaceHealthIndicator] readiness check success.
2021-03-16 10:52:31,718 INFO  main                             - HealthIndicator[dbHealthIndicator] readiness check success.
2021-03-16 10:52:31,718 INFO  main                             - SOFABoot HealthIndicator readiness check result: success.
2021-03-16 10:52:31,718 ERROR main                             - Readiness check result: fail
2021-03-16 11:34:09,098 INFO  main                             - Found 2 HealthChecker implementation:sofaModuleHealthChecker,sofaComponentHealthChecker
2021-03-16 11:34:09,099 INFO  main                             - Found 5 HealthIndicator implementation:sofaModuleHealthIndicator,sofaBootHealthIndicator,multiApplicationHealthIndicator,diskSpaceHealthIndicator,dbHealthIndicator
2021-03-16 11:34:09,100 INFO  main                             - Found 0 ReadinessCheckCallback implementation: 
2021-03-16 11:34:09,101 INFO  main                             - Begin SOFABoot HealthChecker readiness check.
2021-03-16 11:34:09,103 INFO  main                             - HealthChecker[sofaModuleHealthChecker] readiness check success with 0 retry.
2021-03-16 11:34:09,107 INFO  main                             - HealthChecker[sofaComponentHealthChecker] readiness check fail with 0 retry.
2021-03-16 11:34:10,108 INFO  main                             - HealthChecker[sofaComponentHealthChecker] readiness check fail with 1 retry.
2021-03-16 11:34:11,111 INFO  main                             - HealthChecker[sofaComponentHealthChecker] readiness check fail with 2 retry.
2021-03-16 11:34:12,115 INFO  main                             - HealthChecker[sofaComponentHealthChecker] readiness check fail with 3 retry.
2021-03-16 11:34:13,120 INFO  main                             - HealthChecker[sofaComponentHealthChecker] readiness check fail with 4 retry.
2021-03-16 11:34:14,127 INFO  main                             - HealthChecker[sofaComponentHealthChecker] readiness check fail with 5 retry.
2021-03-16 11:34:15,129 INFO  main                             - HealthChecker[sofaComponentHealthChecker] readiness check fail with 6 retry.
2021-03-16 11:34:16,130 INFO  main                             - HealthChecker[sofaComponentHealthChecker] readiness check fail with 7 retry.
2021-03-16 11:34:17,135 INFO  main                             - HealthChecker[sofaComponentHealthChecker] readiness check fail with 8 retry.
2021-03-16 11:34:18,140 INFO  main                             - HealthChecker[sofaComponentHealthChecker] readiness check fail with 9 retry.
2021-03-16 11:34:19,145 INFO  main                             - HealthChecker[sofaComponentHealthChecker] readiness check fail with 10 retry.
2021-03-16 11:34:20,149 INFO  main                             - HealthChecker[sofaComponentHealthChecker] readiness check fail with 11 retry.
2021-03-16 11:34:21,154 INFO  main                             - HealthChecker[sofaComponentHealthChecker] readiness check fail with 12 retry.
2021-03-16 11:34:22,157 INFO  main                             - HealthChecker[sofaComponentHealthChecker] readiness check fail with 13 retry.
2021-03-16 11:34:23,162 INFO  main                             - HealthChecker[sofaComponentHealthChecker] readiness check fail with 14 retry.
2021-03-16 11:34:24,167 INFO  main                             - HealthChecker[sofaComponentHealthChecker] readiness check fail with 15 retry.
2021-03-16 11:34:25,169 INFO  main                             - HealthChecker[sofaComponentHealthChecker] readiness check fail with 16 retry.
2021-03-16 11:34:26,175 INFO  main                             - HealthChecker[sofaComponentHealthChecker] readiness check fail with 17 retry.
2021-03-16 11:34:27,179 INFO  main                             - HealthChecker[sofaComponentHealthChecker] readiness check fail with 18 retry.
2021-03-16 11:34:28,183 INFO  main                             - HealthChecker[sofaComponentHealthChecker] readiness check fail with 19 retry.
2021-03-16 11:34:29,230 ERROR main                             - HealthChecker[sofaComponentHealthChecker] readiness check fail with 20 retry; fail details:{"reference:com.manda.go.facade.UserServiceFacade:#739604181":"[jvm,can not find corresponding jvm service]","reference:com.manda.go.common.dal.dai.MissionManageDAO:#739604181":"[jvm,can not find corresponding jvm service]","reference:javax.sql.DataSource:#1871468232":"[jvm,can not find corresponding jvm service]","reference:com.manda.go.core.service.UserService:#739604181":"[jvm,can not find corresponding jvm service]","reference:com.manda.go.facade.NewsReadService:#739604181":"[jvm,passed]","service:com.manda.go.facade.NewsWriteService":"[jvm,passed]","reference:com.manda.go.facade.NewsWriteService:#739604181":"[jvm,passed]","Spring:go-biz-shared":"passed","Spring:go-common-dal":"passed","service:com.manda.go.facade.NewsReadService":"[jvm,passed]","Spring:go-biz-service-impl":"passed"}; strict mode:true
2021-03-16 11:34:29,231 ERROR main                             - SOFABoot HealthChecker readiness check result: failed.
2021-03-16 11:34:29,236 INFO  main                             - Begin SOFABoot HealthIndicator readiness check.
2021-03-16 11:34:29,238 INFO  main                             - HealthIndicator[sofaModuleHealthIndicator] readiness check success.
2021-03-16 11:34:29,238 INFO  main                             - HealthIndicator[diskSpaceHealthIndicator] readiness check success.
2021-03-16 11:34:29,572 INFO  main                             - HealthIndicator[dbHealthIndicator] readiness check success.
2021-03-16 11:34:29,572 INFO  main                             - SOFABoot HealthIndicator readiness check result: success.
2021-03-16 11:34:29,572 ERROR main                             - Readiness check result: fail
2021-03-16 11:57:12,107 INFO  main                             - Found 2 HealthChecker implementation:sofaModuleHealthChecker,sofaComponentHealthChecker
2021-03-16 11:57:12,108 INFO  main                             - Found 5 HealthIndicator implementation:sofaModuleHealthIndicator,sofaBootHealthIndicator,multiApplicationHealthIndicator,diskSpaceHealthIndicator,dbHealthIndicator
2021-03-16 11:57:12,109 INFO  main                             - Found 0 ReadinessCheckCallback implementation: 
2021-03-16 11:57:12,109 INFO  main                             - Begin SOFABoot HealthChecker readiness check.
2021-03-16 11:57:12,111 INFO  main                             - HealthChecker[sofaModuleHealthChecker] readiness check success with 0 retry.
2021-03-16 11:57:12,114 INFO  main                             - HealthChecker[sofaComponentHealthChecker] readiness check fail with 0 retry.
2021-03-16 11:57:13,119 INFO  main                             - HealthChecker[sofaComponentHealthChecker] readiness check fail with 1 retry.
2021-03-16 11:57:14,122 INFO  main                             - HealthChecker[sofaComponentHealthChecker] readiness check fail with 2 retry.
2021-03-16 11:57:15,128 INFO  main                             - HealthChecker[sofaComponentHealthChecker] readiness check fail with 3 retry.
2021-03-16 11:57:16,129 INFO  main                             - HealthChecker[sofaComponentHealthChecker] readiness check fail with 4 retry.
2021-03-16 11:57:17,130 INFO  main                             - HealthChecker[sofaComponentHealthChecker] readiness check fail with 5 retry.
2021-03-16 11:57:18,132 INFO  main                             - HealthChecker[sofaComponentHealthChecker] readiness check fail with 6 retry.
2021-03-16 11:57:19,138 INFO  main                             - HealthChecker[sofaComponentHealthChecker] readiness check fail with 7 retry.
2021-03-16 11:57:20,143 INFO  main                             - HealthChecker[sofaComponentHealthChecker] readiness check fail with 8 retry.
2021-03-16 11:57:21,149 INFO  main                             - HealthChecker[sofaComponentHealthChecker] readiness check fail with 9 retry.
2021-03-16 11:57:22,151 INFO  main                             - HealthChecker[sofaComponentHealthChecker] readiness check fail with 10 retry.
2021-03-16 11:57:23,157 INFO  main                             - HealthChecker[sofaComponentHealthChecker] readiness check fail with 11 retry.
2021-03-16 11:57:24,163 INFO  main                             - HealthChecker[sofaComponentHealthChecker] readiness check fail with 12 retry.
2021-03-16 11:57:25,166 INFO  main                             - HealthChecker[sofaComponentHealthChecker] readiness check fail with 13 retry.
2021-03-16 11:57:26,168 INFO  main                             - HealthChecker[sofaComponentHealthChecker] readiness check fail with 14 retry.
2021-03-16 11:57:27,174 INFO  main                             - HealthChecker[sofaComponentHealthChecker] readiness check fail with 15 retry.
2021-03-16 11:57:28,178 INFO  main                             - HealthChecker[sofaComponentHealthChecker] readiness check fail with 16 retry.
2021-03-16 11:57:29,184 INFO  main                             - HealthChecker[sofaComponentHealthChecker] readiness check fail with 17 retry.
2021-03-16 11:57:30,185 INFO  main                             - HealthChecker[sofaComponentHealthChecker] readiness check fail with 18 retry.
2021-03-16 11:57:31,187 INFO  main                             - HealthChecker[sofaComponentHealthChecker] readiness check fail with 19 retry.
2021-03-16 11:57:32,219 ERROR main                             - HealthChecker[sofaComponentHealthChecker] readiness check fail with 20 retry; fail details:{"reference:com.manda.go.facade.UserServiceFacade:#739604181":"[jvm,can not find corresponding jvm service]","reference:com.manda.go.common.dal.dai.MissionManageDAO:#739604181":"[jvm,can not find corresponding jvm service]","reference:com.manda.go.core.service.UserService:#739604181":"[jvm,can not find corresponding jvm service]","reference:javax.sql.DataSource:#15534982":"[jvm,can not find corresponding jvm service]","reference:com.manda.go.facade.NewsReadService:#739604181":"[jvm,passed]","service:com.manda.go.facade.NewsWriteService":"[jvm,passed]","reference:com.manda.go.facade.NewsWriteService:#739604181":"[jvm,passed]","Spring:go-biz-shared":"passed","Spring:go-common-dal":"passed","service:com.manda.go.facade.NewsReadService":"[jvm,passed]","Spring:go-biz-service-impl":"passed"}; strict mode:true
2021-03-16 11:57:32,219 ERROR main                             - SOFABoot HealthChecker readiness check result: failed.
2021-03-16 11:57:32,220 INFO  main                             - Begin SOFABoot HealthIndicator readiness check.
2021-03-16 11:57:32,221 INFO  main                             - HealthIndicator[sofaModuleHealthIndicator] readiness check success.
2021-03-16 11:57:32,221 INFO  main                             - HealthIndicator[diskSpaceHealthIndicator] readiness check success.
2021-03-16 11:57:32,453 INFO  main                             - HealthIndicator[dbHealthIndicator] readiness check success.
2021-03-16 11:57:32,453 INFO  main                             - SOFABoot HealthIndicator readiness check result: success.
2021-03-16 11:57:32,453 ERROR main                             - Readiness check result: fail
2021-03-16 11:59:39,792 INFO  main                             - Found 2 HealthChecker implementation:sofaModuleHealthChecker,sofaComponentHealthChecker
2021-03-16 11:59:39,793 INFO  main                             - Found 5 HealthIndicator implementation:sofaModuleHealthIndicator,sofaBootHealthIndicator,multiApplicationHealthIndicator,diskSpaceHealthIndicator,dbHealthIndicator
2021-03-16 11:59:39,794 INFO  main                             - Found 0 ReadinessCheckCallback implementation: 
2021-03-16 11:59:39,794 INFO  main                             - Begin SOFABoot HealthChecker readiness check.
2021-03-16 11:59:39,796 INFO  main                             - HealthChecker[sofaModuleHealthChecker] readiness check success with 0 retry.
2021-03-16 11:59:39,797 INFO  main                             - HealthChecker[sofaComponentHealthChecker] readiness check fail with 0 retry.
2021-03-16 11:59:40,802 INFO  main                             - HealthChecker[sofaComponentHealthChecker] readiness check fail with 1 retry.
2021-03-16 11:59:41,805 INFO  main                             - HealthChecker[sofaComponentHealthChecker] readiness check fail with 2 retry.
2021-03-16 11:59:42,806 INFO  main                             - HealthChecker[sofaComponentHealthChecker] readiness check fail with 3 retry.
2021-03-16 11:59:43,811 INFO  main                             - HealthChecker[sofaComponentHealthChecker] readiness check fail with 4 retry.
2021-03-16 11:59:44,816 INFO  main                             - HealthChecker[sofaComponentHealthChecker] readiness check fail with 5 retry.
2021-03-16 11:59:45,818 INFO  main                             - HealthChecker[sofaComponentHealthChecker] readiness check fail with 6 retry.
2021-03-16 11:59:46,823 INFO  main                             - HealthChecker[sofaComponentHealthChecker] readiness check fail with 7 retry.
2021-03-16 11:59:47,824 INFO  main                             - HealthChecker[sofaComponentHealthChecker] readiness check fail with 8 retry.
2021-03-16 11:59:48,830 INFO  main                             - HealthChecker[sofaComponentHealthChecker] readiness check fail with 9 retry.
2021-03-16 11:59:49,835 INFO  main                             - HealthChecker[sofaComponentHealthChecker] readiness check fail with 10 retry.
2021-03-16 11:59:50,841 INFO  main                             - HealthChecker[sofaComponentHealthChecker] readiness check fail with 11 retry.
2021-03-16 11:59:51,842 INFO  main                             - HealthChecker[sofaComponentHealthChecker] readiness check fail with 12 retry.
2021-03-16 11:59:52,848 INFO  main                             - HealthChecker[sofaComponentHealthChecker] readiness check fail with 13 retry.
2021-03-16 11:59:53,854 INFO  main                             - HealthChecker[sofaComponentHealthChecker] readiness check fail with 14 retry.
2021-03-16 11:59:54,859 INFO  main                             - HealthChecker[sofaComponentHealthChecker] readiness check fail with 15 retry.
2021-03-16 11:59:55,865 INFO  main                             - HealthChecker[sofaComponentHealthChecker] readiness check fail with 16 retry.
2021-03-16 11:59:56,866 INFO  main                             - HealthChecker[sofaComponentHealthChecker] readiness check fail with 17 retry.
2021-03-16 11:59:57,869 INFO  main                             - HealthChecker[sofaComponentHealthChecker] readiness check fail with 18 retry.
2021-03-16 11:59:58,870 INFO  main                             - HealthChecker[sofaComponentHealthChecker] readiness check fail with 19 retry.
2021-03-16 11:59:59,888 ERROR main                             - HealthChecker[sofaComponentHealthChecker] readiness check fail with 20 retry; fail details:{"reference:javax.sql.DataSource:#1986782855":"[jvm,can not find corresponding jvm service]","reference:com.manda.go.common.dal.dai.MissionManageDAO:#739604181":"[jvm,can not find corresponding jvm service]","reference:com.manda.go.core.service.UserService:#739604181":"[jvm,can not find corresponding jvm service]","reference:com.manda.go.facade.UserServiceFacade:#739604181":"[jvm,passed]","reference:com.manda.go.facade.NewsReadService:#739604181":"[jvm,passed]","service:com.manda.go.facade.NewsWriteService":"[jvm,passed]","reference:com.manda.go.facade.NewsWriteService:#739604181":"[jvm,passed]","service:com.manda.go.facade.UserServiceFacade":"[jvm,passed]","Spring:go-biz-shared":"passed","Spring:go-common-dal":"passed","service:com.manda.go.facade.NewsReadService":"[jvm,passed]","Spring:go-biz-service-impl":"passed"}; strict mode:true
2021-03-16 11:59:59,889 ERROR main                             - SOFABoot HealthChecker readiness check result: failed.
2021-03-16 11:59:59,889 INFO  main                             - Begin SOFABoot HealthIndicator readiness check.
2021-03-16 11:59:59,890 INFO  main                             - HealthIndicator[sofaModuleHealthIndicator] readiness check success.
2021-03-16 11:59:59,890 INFO  main                             - HealthIndicator[diskSpaceHealthIndicator] readiness check success.
2021-03-16 12:00:00,068 INFO  main                             - HealthIndicator[dbHealthIndicator] readiness check success.
2021-03-16 12:00:00,068 INFO  main                             - SOFABoot HealthIndicator readiness check result: success.
2021-03-16 12:00:00,069 ERROR main                             - Readiness check result: fail
2021-03-16 12:16:10,922 INFO  main                             - Found 2 HealthChecker implementation:sofaModuleHealthChecker,sofaComponentHealthChecker
2021-03-16 12:16:10,923 INFO  main                             - Found 5 HealthIndicator implementation:sofaModuleHealthIndicator,sofaBootHealthIndicator,multiApplicationHealthIndicator,diskSpaceHealthIndicator,dbHealthIndicator
2021-03-16 12:16:10,924 INFO  main                             - Found 0 ReadinessCheckCallback implementation: 
2021-03-16 12:16:10,924 INFO  main                             - Begin SOFABoot HealthChecker readiness check.
2021-03-16 12:16:10,925 INFO  main                             - HealthChecker[sofaModuleHealthChecker] readiness check success with 0 retry.
2021-03-16 12:16:10,927 INFO  main                             - HealthChecker[sofaComponentHealthChecker] readiness check fail with 0 retry.
2021-03-16 12:16:11,932 INFO  main                             - HealthChecker[sofaComponentHealthChecker] readiness check fail with 1 retry.
2021-03-16 12:16:12,938 INFO  main                             - HealthChecker[sofaComponentHealthChecker] readiness check fail with 2 retry.
2021-03-16 12:16:13,939 INFO  main                             - HealthChecker[sofaComponentHealthChecker] readiness check fail with 3 retry.
2021-03-16 12:16:14,940 INFO  main                             - HealthChecker[sofaComponentHealthChecker] readiness check fail with 4 retry.
2021-03-16 12:16:15,946 INFO  main                             - HealthChecker[sofaComponentHealthChecker] readiness check fail with 5 retry.
2021-03-16 12:16:16,952 INFO  main                             - HealthChecker[sofaComponentHealthChecker] readiness check fail with 6 retry.
2021-03-16 12:16:17,953 INFO  main                             - HealthChecker[sofaComponentHealthChecker] readiness check fail with 7 retry.
2021-03-16 12:16:18,957 INFO  main                             - HealthChecker[sofaComponentHealthChecker] readiness check fail with 8 retry.
2021-03-16 12:16:19,963 INFO  main                             - HealthChecker[sofaComponentHealthChecker] readiness check fail with 9 retry.
2021-03-16 12:16:20,969 INFO  main                             - HealthChecker[sofaComponentHealthChecker] readiness check fail with 10 retry.
2021-03-16 12:16:21,971 INFO  main                             - HealthChecker[sofaComponentHealthChecker] readiness check fail with 11 retry.
2021-03-16 12:16:22,977 INFO  main                             - HealthChecker[sofaComponentHealthChecker] readiness check fail with 12 retry.
2021-03-16 12:16:23,981 INFO  main                             - HealthChecker[sofaComponentHealthChecker] readiness check fail with 13 retry.
2021-03-16 12:16:24,985 INFO  main                             - HealthChecker[sofaComponentHealthChecker] readiness check fail with 14 retry.
2021-03-16 12:16:25,986 INFO  main                             - HealthChecker[sofaComponentHealthChecker] readiness check fail with 15 retry.
2021-03-16 12:16:26,988 INFO  main                             - HealthChecker[sofaComponentHealthChecker] readiness check fail with 16 retry.
2021-03-16 12:16:27,989 INFO  main                             - HealthChecker[sofaComponentHealthChecker] readiness check fail with 17 retry.
2021-03-16 12:16:28,990 INFO  main                             - HealthChecker[sofaComponentHealthChecker] readiness check fail with 18 retry.
2021-03-16 12:16:29,992 INFO  main                             - HealthChecker[sofaComponentHealthChecker] readiness check fail with 19 retry.
2021-03-16 12:16:31,014 ERROR main                             - HealthChecker[sofaComponentHealthChecker] readiness check fail with 20 retry; fail details:{"reference:javax.sql.DataSource:#1005506517":"[jvm,can not find corresponding jvm service]","reference:com.manda.go.common.dal.dai.MissionManageDAO:#739604181":"[jvm,can not find corresponding jvm service]","reference:com.manda.go.facade.UserServiceFacade:#739604181":"[jvm,passed]","reference:com.manda.go.facade.NewsReadService:#739604181":"[jvm,passed]","service:com.manda.go.facade.NewsWriteService":"[jvm,passed]","reference:com.manda.go.facade.NewsWriteService:#739604181":"[jvm,passed]","Spring:go-core-service":"passed","service:com.manda.go.facade.UserServiceFacade":"[jvm,passed]","Spring:go-biz-shared":"passed","Spring:go-common-dal":"passed","service:com.manda.go.facade.NewsReadService":"[jvm,passed]","service:com.manda.go.core.service.UserService":"[jvm,passed]","reference:com.manda.go.core.service.UserService:#739604181":"[jvm,passed]","Spring:go-biz-service-impl":"passed"}; strict mode:true
2021-03-16 12:16:31,014 ERROR main                             - SOFABoot HealthChecker readiness check result: failed.
2021-03-16 12:16:31,015 INFO  main                             - Begin SOFABoot HealthIndicator readiness check.
2021-03-16 12:16:31,015 INFO  main                             - HealthIndicator[sofaModuleHealthIndicator] readiness check success.
2021-03-16 12:16:31,016 INFO  main                             - HealthIndicator[diskSpaceHealthIndicator] readiness check success.
2021-03-16 12:16:31,196 INFO  main                             - HealthIndicator[dbHealthIndicator] readiness check success.
2021-03-16 12:16:31,196 INFO  main                             - SOFABoot HealthIndicator readiness check result: success.
2021-03-16 12:16:31,196 ERROR main                             - Readiness check result: fail
2021-03-16 12:52:07,523 INFO  main                             - Found 2 HealthChecker implementation:sofaModuleHealthChecker,sofaComponentHealthChecker
2021-03-16 12:52:07,525 INFO  main                             - Found 5 HealthIndicator implementation:sofaModuleHealthIndicator,sofaBootHealthIndicator,multiApplicationHealthIndicator,diskSpaceHealthIndicator,dbHealthIndicator
2021-03-16 12:52:07,526 INFO  main                             - Found 0 ReadinessCheckCallback implementation: 
2021-03-16 12:52:07,526 INFO  main                             - Begin SOFABoot HealthChecker readiness check.
2021-03-16 12:52:07,527 INFO  main                             - HealthChecker[sofaModuleHealthChecker] readiness check success with 0 retry.
2021-03-16 12:52:07,530 INFO  main                             - HealthChecker[sofaComponentHealthChecker] readiness check fail with 0 retry.
2021-03-16 12:52:08,534 INFO  main                             - HealthChecker[sofaComponentHealthChecker] readiness check fail with 1 retry.
2021-03-16 12:52:09,539 INFO  main                             - HealthChecker[sofaComponentHealthChecker] readiness check fail with 2 retry.
2021-03-16 12:52:10,544 INFO  main                             - HealthChecker[sofaComponentHealthChecker] readiness check fail with 3 retry.
2021-03-16 12:52:11,549 INFO  main                             - HealthChecker[sofaComponentHealthChecker] readiness check fail with 4 retry.
2021-03-16 12:52:12,551 INFO  main                             - HealthChecker[sofaComponentHealthChecker] readiness check fail with 5 retry.
2021-03-16 12:52:13,556 INFO  main                             - HealthChecker[sofaComponentHealthChecker] readiness check fail with 6 retry.
2021-03-16 12:52:14,558 INFO  main                             - HealthChecker[sofaComponentHealthChecker] readiness check fail with 7 retry.
2021-03-16 12:52:15,561 INFO  main                             - HealthChecker[sofaComponentHealthChecker] readiness check fail with 8 retry.
2021-03-16 12:52:16,563 INFO  main                             - HealthChecker[sofaComponentHealthChecker] readiness check fail with 9 retry.
2021-03-16 12:52:17,566 INFO  main                             - HealthChecker[sofaComponentHealthChecker] readiness check fail with 10 retry.
2021-03-16 12:52:18,569 INFO  main                             - HealthChecker[sofaComponentHealthChecker] readiness check fail with 11 retry.
2021-03-16 12:52:19,570 INFO  main                             - HealthChecker[sofaComponentHealthChecker] readiness check fail with 12 retry.
2021-03-16 12:52:20,576 INFO  main                             - HealthChecker[sofaComponentHealthChecker] readiness check fail with 13 retry.
2021-03-16 12:52:21,578 INFO  main                             - HealthChecker[sofaComponentHealthChecker] readiness check fail with 14 retry.
2021-03-16 12:52:22,582 INFO  main                             - HealthChecker[sofaComponentHealthChecker] readiness check fail with 15 retry.
2021-03-16 12:52:23,583 INFO  main                             - HealthChecker[sofaComponentHealthChecker] readiness check fail with 16 retry.
2021-03-16 12:52:24,585 INFO  main                             - HealthChecker[sofaComponentHealthChecker] readiness check fail with 17 retry.
2021-03-16 12:52:25,589 INFO  main                             - HealthChecker[sofaComponentHealthChecker] readiness check fail with 18 retry.
2021-03-16 12:52:26,591 INFO  main                             - HealthChecker[sofaComponentHealthChecker] readiness check fail with 19 retry.
2021-03-16 12:52:27,626 ERROR main                             - HealthChecker[sofaComponentHealthChecker] readiness check fail with 20 retry; fail details:{"reference:com.manda.go.common.dal.dai.MissionManageDAO:#739604181":"[jvm,can not find corresponding jvm service]","reference:javax.sql.DataSource:#1330521529":"[jvm,can not find corresponding jvm service]","reference:com.manda.go.facade.UserServiceFacade:#739604181":"[jvm,passed]","reference:com.manda.go.facade.NewsReadService:#739604181":"[jvm,passed]","service:com.manda.go.facade.NewsWriteService":"[jvm,passed]","reference:com.manda.go.facade.NewsWriteService:#739604181":"[jvm,passed]","Spring:go-core-service":"passed","service:com.manda.go.facade.UserServiceFacade":"[jvm,passed]","Spring:go-biz-shared":"passed","Spring:go-common-dal":"passed","service:com.manda.go.facade.NewsReadService":"[jvm,passed]","service:com.manda.go.core.service.UserService":"[jvm,passed]","reference:com.manda.go.core.service.UserService:#739604181":"[jvm,passed]","Spring:go-biz-service-impl":"passed"}; strict mode:true
2021-03-16 12:52:27,626 ERROR main                             - SOFABoot HealthChecker readiness check result: failed.
2021-03-16 12:52:27,627 INFO  main                             - Begin SOFABoot HealthIndicator readiness check.
2021-03-16 12:52:27,627 INFO  main                             - HealthIndicator[sofaModuleHealthIndicator] readiness check success.
2021-03-16 12:52:27,628 INFO  main                             - HealthIndicator[diskSpaceHealthIndicator] readiness check success.
2021-03-16 12:52:27,829 INFO  main                             - HealthIndicator[dbHealthIndicator] readiness check success.
2021-03-16 12:52:27,830 INFO  main                             - SOFABoot HealthIndicator readiness check result: success.
2021-03-16 12:52:27,830 ERROR main                             - Readiness check result: fail
2021-03-16 12:53:51,011 INFO  main                             - Found 2 HealthChecker implementation:sofaModuleHealthChecker,sofaComponentHealthChecker
2021-03-16 12:53:51,012 INFO  main                             - Found 5 HealthIndicator implementation:sofaModuleHealthIndicator,sofaBootHealthIndicator,multiApplicationHealthIndicator,diskSpaceHealthIndicator,dbHealthIndicator
2021-03-16 12:53:51,013 INFO  main                             - Found 0 ReadinessCheckCallback implementation: 
2021-03-16 12:53:51,013 INFO  main                             - Begin SOFABoot HealthChecker readiness check.
2021-03-16 12:53:51,015 INFO  main                             - HealthChecker[sofaModuleHealthChecker] readiness check success with 0 retry.
2021-03-16 12:53:51,016 INFO  main                             - HealthChecker[sofaComponentHealthChecker] readiness check fail with 0 retry.
2021-03-16 12:53:52,022 INFO  main                             - HealthChecker[sofaComponentHealthChecker] readiness check fail with 1 retry.
2021-03-16 12:53:53,027 INFO  main                             - HealthChecker[sofaComponentHealthChecker] readiness check fail with 2 retry.
2021-03-16 12:53:54,030 INFO  main                             - HealthChecker[sofaComponentHealthChecker] readiness check fail with 3 retry.
2021-03-16 12:53:55,032 INFO  main                             - HealthChecker[sofaComponentHealthChecker] readiness check fail with 4 retry.
2021-03-16 12:53:56,035 INFO  main                             - HealthChecker[sofaComponentHealthChecker] readiness check fail with 5 retry.
2021-03-16 12:53:57,036 INFO  main                             - HealthChecker[sofaComponentHealthChecker] readiness check fail with 6 retry.
2021-03-16 12:53:58,040 INFO  main                             - HealthChecker[sofaComponentHealthChecker] readiness check fail with 7 retry.
2021-03-16 12:53:59,043 INFO  main                             - HealthChecker[sofaComponentHealthChecker] readiness check fail with 8 retry.
2021-03-16 12:54:00,045 INFO  main                             - HealthChecker[sofaComponentHealthChecker] readiness check fail with 9 retry.
2021-03-16 12:54:01,048 INFO  main                             - HealthChecker[sofaComponentHealthChecker] readiness check fail with 10 retry.
2021-03-16 12:54:02,054 INFO  main                             - HealthChecker[sofaComponentHealthChecker] readiness check fail with 11 retry.
2021-03-16 12:54:03,060 INFO  main                             - HealthChecker[sofaComponentHealthChecker] readiness check fail with 12 retry.
2021-03-16 12:54:04,062 INFO  main                             - HealthChecker[sofaComponentHealthChecker] readiness check fail with 13 retry.
2021-03-16 12:54:05,066 INFO  main                             - HealthChecker[sofaComponentHealthChecker] readiness check fail with 14 retry.
2021-03-16 12:54:06,067 INFO  main                             - HealthChecker[sofaComponentHealthChecker] readiness check fail with 15 retry.
2021-03-16 12:54:07,069 INFO  main                             - HealthChecker[sofaComponentHealthChecker] readiness check fail with 16 retry.
2021-03-16 12:54:08,071 INFO  main                             - HealthChecker[sofaComponentHealthChecker] readiness check fail with 17 retry.
2021-03-16 12:54:09,072 INFO  main                             - HealthChecker[sofaComponentHealthChecker] readiness check fail with 18 retry.
2021-03-16 12:54:10,075 INFO  main                             - HealthChecker[sofaComponentHealthChecker] readiness check fail with 19 retry.
2021-03-16 12:54:11,116 ERROR main                             - HealthChecker[sofaComponentHealthChecker] readiness check fail with 20 retry; fail details:{"reference:javax.sql.DataSource:#1744378926":"[jvm,can not find corresponding jvm service]","reference:com.manda.go.common.dal.dai.MissionManageDAO:#739604181":"[jvm,can not find corresponding jvm service]","reference:com.manda.go.facade.UserServiceFacade:#739604181":"[jvm,passed]","reference:com.manda.go.facade.NewsReadService:#739604181":"[jvm,passed]","service:com.manda.go.facade.NewsWriteService":"[jvm,passed]","reference:com.manda.go.facade.NewsWriteService:#739604181":"[jvm,passed]","Spring:go-core-service":"passed","service:com.manda.go.facade.UserServiceFacade":"[jvm,passed]","Spring:go-biz-shared":"passed","Spring:go-common-dal":"passed","service:com.manda.go.facade.NewsReadService":"[jvm,passed]","service:com.manda.go.core.service.UserService":"[jvm,passed]","reference:com.manda.go.core.service.UserService:#739604181":"[jvm,passed]","Spring:go-biz-service-impl":"passed"}; strict mode:true
2021-03-16 12:54:11,116 ERROR main                             - SOFABoot HealthChecker readiness check result: failed.
2021-03-16 12:54:11,117 INFO  main                             - Begin SOFABoot HealthIndicator readiness check.
2021-03-16 12:54:11,119 INFO  main                             - HealthIndicator[sofaModuleHealthIndicator] readiness check success.
2021-03-16 12:54:11,120 INFO  main                             - HealthIndicator[diskSpaceHealthIndicator] readiness check success.
2021-03-16 12:54:11,398 INFO  main                             - HealthIndicator[dbHealthIndicator] readiness check success.
2021-03-16 12:54:11,398 INFO  main                             - SOFABoot HealthIndicator readiness check result: success.
2021-03-16 12:54:11,399 ERROR main                             - Readiness check result: fail
2021-03-16 13:17:03,897 INFO  main                             - Found 2 HealthChecker implementation:sofaModuleHealthChecker,sofaComponentHealthChecker
2021-03-16 13:17:03,898 INFO  main                             - Found 5 HealthIndicator implementation:sofaModuleHealthIndicator,sofaBootHealthIndicator,multiApplicationHealthIndicator,diskSpaceHealthIndicator,dbHealthIndicator
2021-03-16 13:17:03,898 INFO  main                             - Found 0 ReadinessCheckCallback implementation: 
2021-03-16 13:17:03,899 INFO  main                             - Begin SOFABoot HealthChecker readiness check.
2021-03-16 13:17:03,900 INFO  main                             - HealthChecker[sofaModuleHealthChecker] readiness check success with 0 retry.
2021-03-16 13:17:03,901 INFO  main                             - HealthChecker[sofaComponentHealthChecker] readiness check fail with 0 retry.
2021-03-16 13:17:04,903 INFO  main                             - HealthChecker[sofaComponentHealthChecker] readiness check fail with 1 retry.
2021-03-16 13:17:05,909 INFO  main                             - HealthChecker[sofaComponentHealthChecker] readiness check fail with 2 retry.
2021-03-16 13:17:06,913 INFO  main                             - HealthChecker[sofaComponentHealthChecker] readiness check fail with 3 retry.
2021-03-16 13:17:07,916 INFO  main                             - HealthChecker[sofaComponentHealthChecker] readiness check fail with 4 retry.
2021-03-16 13:17:08,922 INFO  main                             - HealthChecker[sofaComponentHealthChecker] readiness check fail with 5 retry.
2021-03-16 13:17:09,926 INFO  main                             - HealthChecker[sofaComponentHealthChecker] readiness check fail with 6 retry.
2021-03-16 13:17:10,931 INFO  main                             - HealthChecker[sofaComponentHealthChecker] readiness check fail with 7 retry.
2021-03-16 13:17:11,937 INFO  main                             - HealthChecker[sofaComponentHealthChecker] readiness check fail with 8 retry.
2021-03-16 13:17:12,942 INFO  main                             - HealthChecker[sofaComponentHealthChecker] readiness check fail with 9 retry.
2021-03-16 13:17:13,944 INFO  main                             - HealthChecker[sofaComponentHealthChecker] readiness check fail with 10 retry.
2021-03-16 13:17:14,951 INFO  main                             - HealthChecker[sofaComponentHealthChecker] readiness check fail with 11 retry.
2021-03-16 13:17:15,952 INFO  main                             - HealthChecker[sofaComponentHealthChecker] readiness check fail with 12 retry.
2021-03-16 13:17:16,952 INFO  main                             - HealthChecker[sofaComponentHealthChecker] readiness check fail with 13 retry.
2021-03-16 13:17:17,958 INFO  main                             - HealthChecker[sofaComponentHealthChecker] readiness check fail with 14 retry.
2021-03-16 13:17:18,962 INFO  main                             - HealthChecker[sofaComponentHealthChecker] readiness check fail with 15 retry.
2021-03-16 13:17:19,964 INFO  main                             - HealthChecker[sofaComponentHealthChecker] readiness check fail with 16 retry.
2021-03-16 13:17:20,969 INFO  main                             - HealthChecker[sofaComponentHealthChecker] readiness check fail with 17 retry.
2021-03-16 13:17:21,975 INFO  main                             - HealthChecker[sofaComponentHealthChecker] readiness check fail with 18 retry.
2021-03-16 13:17:22,976 INFO  main                             - HealthChecker[sofaComponentHealthChecker] readiness check fail with 19 retry.
2021-03-16 13:17:24,002 ERROR main                             - HealthChecker[sofaComponentHealthChecker] readiness check fail with 20 retry; fail details:{"reference:javax.sql.DataSource:#1727276767":"[jvm,can not find corresponding jvm service]","reference:com.manda.go.common.dal.dai.MissionManageDAO:#739604181":"[jvm,can not find corresponding jvm service]","reference:com.manda.go.facade.UserServiceFacade:#739604181":"[jvm,passed]","reference:com.manda.go.facade.NewsReadService:#739604181":"[jvm,passed]","service:com.manda.go.facade.NewsWriteService":"[jvm,passed]","reference:com.manda.go.facade.NewsWriteService:#739604181":"[jvm,passed]","Spring:go-core-service":"passed","service:com.manda.go.facade.UserServiceFacade":"[jvm,passed]","Spring:go-biz-shared":"passed","Spring:go-common-dal":"passed","service:com.manda.go.facade.NewsReadService":"[jvm,passed]","service:com.manda.go.core.service.UserService":"[jvm,passed]","reference:com.manda.go.core.service.UserService:#739604181":"[jvm,passed]","Spring:go-biz-service-impl":"passed"}; strict mode:true
2021-03-16 13:17:24,002 ERROR main                             - SOFABoot HealthChecker readiness check result: failed.
2021-03-16 13:17:24,003 INFO  main                             - Begin SOFABoot HealthIndicator readiness check.
2021-03-16 13:17:24,003 INFO  main                             - HealthIndicator[sofaModuleHealthIndicator] readiness check success.
2021-03-16 13:17:24,004 INFO  main                             - HealthIndicator[diskSpaceHealthIndicator] readiness check success.
2021-03-16 13:17:24,180 INFO  main                             - HealthIndicator[dbHealthIndicator] readiness check success.
2021-03-16 13:17:24,180 INFO  main                             - SOFABoot HealthIndicator readiness check result: success.
2021-03-16 13:17:24,180 ERROR main                             - Readiness check result: fail
2021-03-16 13:18:50,029 INFO  main                             - Found 2 HealthChecker implementation:sofaModuleHealthChecker,sofaComponentHealthChecker
2021-03-16 13:18:50,030 INFO  main                             - Found 5 HealthIndicator implementation:sofaModuleHealthIndicator,sofaBootHealthIndicator,multiApplicationHealthIndicator,diskSpaceHealthIndicator,dbHealthIndicator
2021-03-16 13:18:50,031 INFO  main                             - Found 0 ReadinessCheckCallback implementation: 
2021-03-16 13:18:50,032 INFO  main                             - Begin SOFABoot HealthChecker readiness check.
2021-03-16 13:18:50,033 INFO  main                             - HealthChecker[sofaModuleHealthChecker] readiness check success with 0 retry.
2021-03-16 13:18:50,036 INFO  main                             - HealthChecker[sofaComponentHealthChecker] readiness check fail with 0 retry.
2021-03-16 13:18:51,040 INFO  main                             - HealthChecker[sofaComponentHealthChecker] readiness check fail with 1 retry.
2021-03-16 13:18:52,043 INFO  main                             - HealthChecker[sofaComponentHealthChecker] readiness check fail with 2 retry.
2021-03-16 13:18:53,044 INFO  main                             - HealthChecker[sofaComponentHealthChecker] readiness check fail with 3 retry.
2021-03-16 13:18:54,048 INFO  main                             - HealthChecker[sofaComponentHealthChecker] readiness check fail with 4 retry.
2021-03-16 13:18:55,050 INFO  main                             - HealthChecker[sofaComponentHealthChecker] readiness check fail with 5 retry.
2021-03-16 13:18:56,055 INFO  main                             - HealthChecker[sofaComponentHealthChecker] readiness check fail with 6 retry.
2021-03-16 13:18:57,057 INFO  main                             - HealthChecker[sofaComponentHealthChecker] readiness check fail with 7 retry.
2021-03-16 13:18:58,060 INFO  main                             - HealthChecker[sofaComponentHealthChecker] readiness check fail with 8 retry.
2021-03-16 13:18:59,066 INFO  main                             - HealthChecker[sofaComponentHealthChecker] readiness check fail with 9 retry.
2021-03-16 13:19:00,072 INFO  main                             - HealthChecker[sofaComponentHealthChecker] readiness check fail with 10 retry.
2021-03-16 13:19:01,074 INFO  main                             - HealthChecker[sofaComponentHealthChecker] readiness check fail with 11 retry.
2021-03-16 13:19:02,079 INFO  main                             - HealthChecker[sofaComponentHealthChecker] readiness check fail with 12 retry.
2021-03-16 13:19:03,082 INFO  main                             - HealthChecker[sofaComponentHealthChecker] readiness check fail with 13 retry.
2021-03-16 13:19:04,084 INFO  main                             - HealthChecker[sofaComponentHealthChecker] readiness check fail with 14 retry.
2021-03-16 13:19:05,087 INFO  main                             - HealthChecker[sofaComponentHealthChecker] readiness check fail with 15 retry.
2021-03-16 13:19:06,088 INFO  main                             - HealthChecker[sofaComponentHealthChecker] readiness check fail with 16 retry.
2021-03-16 13:19:07,092 INFO  main                             - HealthChecker[sofaComponentHealthChecker] readiness check fail with 17 retry.
2021-03-16 13:19:08,095 INFO  main                             - HealthChecker[sofaComponentHealthChecker] readiness check fail with 18 retry.
2021-03-16 13:19:09,096 INFO  main                             - HealthChecker[sofaComponentHealthChecker] readiness check fail with 19 retry.
2021-03-16 13:19:10,122 ERROR main                             - HealthChecker[sofaComponentHealthChecker] readiness check fail with 20 retry; fail details:{"reference:javax.sql.DataSource:#1902604784":"[jvm,can not find corresponding jvm service]","reference:com.manda.go.common.dal.dai.MissionManageDAO:#739604181":"[jvm,can not find corresponding jvm service]","reference:com.manda.go.facade.UserServiceFacade:#739604181":"[jvm,passed]","reference:com.manda.go.facade.NewsReadService:#739604181":"[jvm,passed]","service:com.manda.go.facade.NewsWriteService":"[jvm,passed]","reference:com.manda.go.facade.NewsWriteService:#739604181":"[jvm,passed]","Spring:go-core-service":"passed","service:com.manda.go.facade.UserServiceFacade":"[jvm,passed]","Spring:go-biz-shared":"passed","Spring:go-common-dal":"passed","service:com.manda.go.facade.NewsReadService":"[jvm,passed]","service:com.manda.go.core.service.UserService":"[jvm,passed]","reference:com.manda.go.core.service.UserService:#739604181":"[jvm,passed]","Spring:go-biz-service-impl":"passed"}; strict mode:true
2021-03-16 13:19:10,122 ERROR main                             - SOFABoot HealthChecker readiness check result: failed.
2021-03-16 13:19:10,123 INFO  main                             - Begin SOFABoot HealthIndicator readiness check.
2021-03-16 13:19:10,123 INFO  main                             - HealthIndicator[sofaModuleHealthIndicator] readiness check success.
2021-03-16 13:19:10,124 INFO  main                             - HealthIndicator[diskSpaceHealthIndicator] readiness check success.
2021-03-16 13:19:10,308 INFO  main                             - HealthIndicator[dbHealthIndicator] readiness check success.
2021-03-16 13:19:10,308 INFO  main                             - SOFABoot HealthIndicator readiness check result: success.
2021-03-16 13:19:10,308 ERROR main                             - Readiness check result: fail
2021-03-16 13:22:59,468 INFO  main                             - Found 2 HealthChecker implementation:sofaModuleHealthChecker,sofaComponentHealthChecker
2021-03-16 13:22:59,469 INFO  main                             - Found 5 HealthIndicator implementation:sofaModuleHealthIndicator,sofaBootHealthIndicator,multiApplicationHealthIndicator,diskSpaceHealthIndicator,dbHealthIndicator
2021-03-16 13:22:59,471 INFO  main                             - Found 0 ReadinessCheckCallback implementation: 
2021-03-16 13:22:59,471 INFO  main                             - Begin SOFABoot HealthChecker readiness check.
2021-03-16 13:22:59,472 INFO  main                             - HealthChecker[sofaModuleHealthChecker] readiness check success with 0 retry.
2021-03-16 13:22:59,474 INFO  main                             - HealthChecker[sofaComponentHealthChecker] readiness check fail with 0 retry.
2021-03-16 13:23:00,480 INFO  main                             - HealthChecker[sofaComponentHealthChecker] readiness check fail with 1 retry.
2021-03-16 13:23:01,485 INFO  main                             - HealthChecker[sofaComponentHealthChecker] readiness check fail with 2 retry.
2021-03-16 13:23:02,491 INFO  main                             - HealthChecker[sofaComponentHealthChecker] readiness check fail with 3 retry.
2021-03-16 13:23:03,497 INFO  main                             - HealthChecker[sofaComponentHealthChecker] readiness check fail with 4 retry.
2021-03-16 13:23:04,504 INFO  main                             - HealthChecker[sofaComponentHealthChecker] readiness check fail with 5 retry.
2021-03-16 13:23:05,507 INFO  main                             - HealthChecker[sofaComponentHealthChecker] readiness check fail with 6 retry.
2021-03-16 13:23:06,508 INFO  main                             - HealthChecker[sofaComponentHealthChecker] readiness check fail with 7 retry.
2021-03-16 13:23:07,510 INFO  main                             - HealthChecker[sofaComponentHealthChecker] readiness check fail with 8 retry.
2021-03-16 13:23:08,513 INFO  main                             - HealthChecker[sofaComponentHealthChecker] readiness check fail with 9 retry.
2021-03-16 13:23:09,516 INFO  main                             - HealthChecker[sofaComponentHealthChecker] readiness check fail with 10 retry.
2021-03-16 13:23:10,522 INFO  main                             - HealthChecker[sofaComponentHealthChecker] readiness check fail with 11 retry.
2021-03-16 13:23:11,522 INFO  main                             - HealthChecker[sofaComponentHealthChecker] readiness check fail with 12 retry.
2021-03-16 13:23:12,524 INFO  main                             - HealthChecker[sofaComponentHealthChecker] readiness check fail with 13 retry.
2021-03-16 13:23:13,529 INFO  main                             - HealthChecker[sofaComponentHealthChecker] readiness check fail with 14 retry.
2021-03-16 13:23:14,531 INFO  main                             - HealthChecker[sofaComponentHealthChecker] readiness check fail with 15 retry.
2021-03-16 13:23:15,536 INFO  main                             - HealthChecker[sofaComponentHealthChecker] readiness check fail with 16 retry.
2021-03-16 13:23:16,540 INFO  main                             - HealthChecker[sofaComponentHealthChecker] readiness check fail with 17 retry.
2021-03-16 13:23:17,546 INFO  main                             - HealthChecker[sofaComponentHealthChecker] readiness check fail with 18 retry.
2021-03-16 13:23:18,550 INFO  main                             - HealthChecker[sofaComponentHealthChecker] readiness check fail with 19 retry.
2021-03-16 13:23:19,577 ERROR main                             - HealthChecker[sofaComponentHealthChecker] readiness check fail with 20 retry; fail details:{"reference:javax.sql.DataSource:#902512369":"[jvm,can not find corresponding jvm service]","reference:com.manda.go.common.dal.dai.MissionManageDAO:#739604181":"[jvm,can not find corresponding jvm service]","reference:com.manda.go.facade.UserServiceFacade:#739604181":"[jvm,passed]","reference:com.manda.go.facade.NewsReadService:#739604181":"[jvm,passed]","service:com.manda.go.facade.NewsWriteService":"[jvm,passed]","reference:com.manda.go.facade.NewsWriteService:#739604181":"[jvm,passed]","Spring:go-core-service":"passed","service:com.manda.go.facade.UserServiceFacade":"[jvm,passed]","Spring:go-biz-shared":"passed","Spring:go-common-dal":"passed","service:com.manda.go.facade.NewsReadService":"[jvm,passed]","service:com.manda.go.core.service.UserService":"[jvm,passed]","reference:com.manda.go.core.service.UserService:#739604181":"[jvm,passed]","Spring:go-biz-service-impl":"passed"}; strict mode:true
2021-03-16 13:23:19,578 ERROR main                             - SOFABoot HealthChecker readiness check result: failed.
2021-03-16 13:23:19,578 INFO  main                             - Begin SOFABoot HealthIndicator readiness check.
2021-03-16 13:23:19,579 INFO  main                             - HealthIndicator[sofaModuleHealthIndicator] readiness check success.
2021-03-16 13:23:19,580 INFO  main                             - HealthIndicator[diskSpaceHealthIndicator] readiness check success.
2021-03-16 13:23:19,778 INFO  main                             - HealthIndicator[dbHealthIndicator] readiness check success.
2021-03-16 13:23:19,778 INFO  main                             - SOFABoot HealthIndicator readiness check result: success.
2021-03-16 13:23:19,778 ERROR main                             - Readiness check result: fail
