2021-03-16 10:48:00.539  INFO 34421 --- [main] com.manda.go.SOFABootWebApplication      : Starting SOFABootWebApplication on DNID0683L01.local with PID 34421 (/Users/prakosoa/Documents/DANALearning/DANA-go/go/app/web/target/classes started by prakosoa in /Users/prakosoa/Documents/DANALearning/DANA-go/go)
2021-03-16 10:48:00.541  INFO 34421 --- [main] com.manda.go.SOFABootWebApplication      : No active profile set, falling back to default profiles: default
2021-03-16 10:48:01.437  WARN 34421 --- [main] o.m.s.mapper.ClassPathMapperScanner      : No MyBatis mapper was found in '[com.manda.go]' package. Please check your configuration.
2021-03-16 10:48:02.052  INFO 34421 --- [main] o.s.b.w.embedded.tomcat.TomcatWebServer  : Tomcat initialized with port(s): 8082 (http)
2021-03-16 10:48:02.080  INFO 34421 --- [main] o.apache.catalina.core.StandardService   : Starting service [Tomcat]
2021-03-16 10:48:02.080  INFO 34421 --- [main] org.apache.catalina.core.StandardEngine  : Starting Servlet engine: [Apache Tomcat/9.0.37]
2021-03-16 10:48:02.225  INFO 34421 --- [main] o.a.c.c.C.[Tomcat].[localhost].[/]       : Initializing Spring embedded WebApplicationContext
2021-03-16 10:48:02.226  INFO 34421 --- [main] o.s.web.context.ContextLoader            : Root WebApplicationContext: initialization completed in 1641 ms
2021-03-16 10:48:03.005  INFO 34421 --- [main] o.s.s.concurrent.ThreadPoolTaskExecutor  : Initializing ExecutorService 'applicationTaskExecutor'
2021-03-16 10:48:03.432  INFO 34421 --- [main] o.s.b.a.e.web.EndpointLinksResolver      : Exposing 4 endpoint(s) beneath base path '/actuator'
2021-03-16 10:48:03.793  WARN 34421 --- [sofa-module-start-go-biz-shared] o.m.s.mapper.ClassPathMapperScanner      : No MyBatis mapper was found in '[com.manda.go]' package. Please check your configuration.
2021-03-16 10:48:03.795  WARN 34421 --- [sofa-module-start-go-common-dal] o.m.s.mapper.ClassPathMapperScanner      : No MyBatis mapper was found in '[com.manda.go]' package. Please check your configuration.
2021-03-16 10:48:03.843  WARN 34421 --- [sofa-module-start-go-biz-service-impl] o.m.s.mapper.ClassPathMapperScanner      : No MyBatis mapper was found in '[com.manda.go]' package. Please check your configuration.
2021-03-16 10:48:24.121  INFO 34421 --- [main] com.zaxxer.hikari.HikariDataSource       : HikariPool-1 - Starting...
2021-03-16 10:48:24.352  INFO 34421 --- [main] com.zaxxer.hikari.HikariDataSource       : HikariPool-1 - Start completed.
2021-03-16 10:48:24.457  INFO 34421 --- [main] o.s.b.w.embedded.tomcat.TomcatWebServer  : Tomcat started on port(s): 8082 (http) with context path ''
2021-03-16 10:48:24.461  INFO 34421 --- [main] com.manda.go.SOFABootWebApplication      : Started SOFABootWebApplication in 24.769 seconds (JVM running for 25.6)
2021-03-16 10:48:54.494  INFO 34421 --- [Thread-2] o.s.s.concurrent.ThreadPoolTaskExecutor  : Shutting down ExecutorService 'applicationTaskExecutor'
2021-03-16 10:48:54.499  INFO 34421 --- [Thread-2] com.zaxxer.hikari.HikariDataSource       : HikariPool-1 - Shutdown initiated...
2021-03-16 10:48:54.520  INFO 34421 --- [Thread-2] com.zaxxer.hikari.HikariDataSource       : HikariPool-1 - Shutdown completed.
2021-03-16 10:49:00.055  INFO 34549 --- [main] com.manda.go.SOFABootWebApplication      : Starting SOFABootWebApplication on DNID0683L01.local with PID 34549 (/Users/prakosoa/Documents/DANALearning/DANA-go/go/app/web/target/classes started by prakosoa in /Users/prakosoa/Documents/DANALearning/DANA-go/go)
2021-03-16 10:49:00.056  INFO 34549 --- [main] com.manda.go.SOFABootWebApplication      : No active profile set, falling back to default profiles: default
2021-03-16 10:49:01.251  WARN 34549 --- [main] o.m.s.mapper.ClassPathMapperScanner      : No MyBatis mapper was found in '[com.manda.go]' package. Please check your configuration.
2021-03-16 10:49:01.915  INFO 34549 --- [main] o.s.b.w.embedded.tomcat.TomcatWebServer  : Tomcat initialized with port(s): 8082 (http)
2021-03-16 10:49:01.948  INFO 34549 --- [main] o.apache.catalina.core.StandardService   : Starting service [Tomcat]
2021-03-16 10:49:01.948  INFO 34549 --- [main] org.apache.catalina.core.StandardEngine  : Starting Servlet engine: [Apache Tomcat/9.0.37]
2021-03-16 10:49:02.046  INFO 34549 --- [main] o.a.c.c.C.[Tomcat].[localhost].[/]       : Initializing Spring embedded WebApplicationContext
2021-03-16 10:49:02.046  INFO 34549 --- [main] o.s.web.context.ContextLoader            : Root WebApplicationContext: initialization completed in 1941 ms
2021-03-16 10:49:02.686  INFO 34549 --- [main] o.s.s.concurrent.ThreadPoolTaskExecutor  : Initializing ExecutorService 'applicationTaskExecutor'
2021-03-16 10:49:03.066  INFO 34549 --- [main] o.s.b.a.e.web.EndpointLinksResolver      : Exposing 4 endpoint(s) beneath base path '/actuator'
2021-03-16 10:49:03.329  WARN 34549 --- [sofa-module-start-go-biz-shared] o.m.s.mapper.ClassPathMapperScanner      : No MyBatis mapper was found in '[com.manda.go]' package. Please check your configuration.
2021-03-16 10:49:03.330  WARN 34549 --- [sofa-module-start-go-common-dal] o.m.s.mapper.ClassPathMapperScanner      : No MyBatis mapper was found in '[com.manda.go]' package. Please check your configuration.
2021-03-16 10:49:03.374  WARN 34549 --- [sofa-module-start-go-biz-service-impl] o.m.s.mapper.ClassPathMapperScanner      : No MyBatis mapper was found in '[com.manda.go]' package. Please check your configuration.
2021-03-16 10:49:23.540  INFO 34549 --- [main] com.zaxxer.hikari.HikariDataSource       : HikariPool-1 - Starting...
2021-03-16 10:49:23.695  INFO 34549 --- [main] com.zaxxer.hikari.HikariDataSource       : HikariPool-1 - Start completed.
2021-03-16 10:49:23.781  INFO 34549 --- [main] o.s.b.w.embedded.tomcat.TomcatWebServer  : Tomcat started on port(s): 8082 (http) with context path ''
2021-03-16 10:49:23.783  INFO 34549 --- [main] com.manda.go.SOFABootWebApplication      : Started SOFABootWebApplication in 24.487 seconds (JVM running for 25.281)
2021-03-16 10:49:41.211  INFO 34549 --- [http-nio-8082-exec-1] o.a.c.c.C.[Tomcat].[localhost].[/]       : Initializing Spring DispatcherServlet 'dispatcherServlet'
2021-03-16 10:49:41.214  INFO 34549 --- [http-nio-8082-exec-1] o.s.web.servlet.DispatcherServlet        : Initializing Servlet 'dispatcherServlet'
2021-03-16 10:49:41.227  INFO 34549 --- [http-nio-8082-exec-1] o.s.web.servlet.DispatcherServlet        : Completed initialization in 13 ms
2021-03-16 10:52:04.356  INFO 34549 --- [Thread-2] o.s.s.concurrent.ThreadPoolTaskExecutor  : Shutting down ExecutorService 'applicationTaskExecutor'
2021-03-16 10:52:04.361  INFO 34549 --- [Thread-2] com.zaxxer.hikari.HikariDataSource       : HikariPool-1 - Shutdown initiated...
2021-03-16 10:52:04.387  INFO 34549 --- [Thread-2] com.zaxxer.hikari.HikariDataSource       : HikariPool-1 - Shutdown completed.
2021-03-16 10:52:08.172  INFO 34835 --- [main] com.manda.go.SOFABootWebApplication      : Starting SOFABootWebApplication on DNID0683L01.local with PID 34835 (/Users/prakosoa/Documents/DANALearning/DANA-go/go/app/web/target/classes started by prakosoa in /Users/prakosoa/Documents/DANALearning/DANA-go/go)
2021-03-16 10:52:08.173  INFO 34835 --- [main] com.manda.go.SOFABootWebApplication      : No active profile set, falling back to default profiles: default
2021-03-16 10:52:09.241  WARN 34835 --- [main] o.m.s.mapper.ClassPathMapperScanner      : No MyBatis mapper was found in '[com.manda.go]' package. Please check your configuration.
2021-03-16 10:52:09.858  INFO 34835 --- [main] o.s.b.w.embedded.tomcat.TomcatWebServer  : Tomcat initialized with port(s): 8082 (http)
2021-03-16 10:52:09.887  INFO 34835 --- [main] o.apache.catalina.core.StandardService   : Starting service [Tomcat]
2021-03-16 10:52:09.887  INFO 34835 --- [main] org.apache.catalina.core.StandardEngine  : Starting Servlet engine: [Apache Tomcat/9.0.37]
2021-03-16 10:52:09.983  INFO 34835 --- [main] o.a.c.c.C.[Tomcat].[localhost].[/]       : Initializing Spring embedded WebApplicationContext
2021-03-16 10:52:09.983  INFO 34835 --- [main] o.s.web.context.ContextLoader            : Root WebApplicationContext: initialization completed in 1758 ms
2021-03-16 10:52:10.603  INFO 34835 --- [main] o.s.s.concurrent.ThreadPoolTaskExecutor  : Initializing ExecutorService 'applicationTaskExecutor'
2021-03-16 10:52:10.996  INFO 34835 --- [main] o.s.b.a.e.web.EndpointLinksResolver      : Exposing 4 endpoint(s) beneath base path '/actuator'
2021-03-16 10:52:11.289  WARN 34835 --- [sofa-module-start-go-common-dal] o.m.s.mapper.ClassPathMapperScanner      : No MyBatis mapper was found in '[com.manda.go]' package. Please check your configuration.
2021-03-16 10:52:11.292  WARN 34835 --- [sofa-module-start-go-biz-shared] o.m.s.mapper.ClassPathMapperScanner      : No MyBatis mapper was found in '[com.manda.go]' package. Please check your configuration.
2021-03-16 10:52:11.336  WARN 34835 --- [sofa-module-start-go-biz-service-impl] o.m.s.mapper.ClassPathMapperScanner      : No MyBatis mapper was found in '[com.manda.go]' package. Please check your configuration.
2021-03-16 10:52:31.537  INFO 34835 --- [main] com.zaxxer.hikari.HikariDataSource       : HikariPool-1 - Starting...
2021-03-16 10:52:31.688  INFO 34835 --- [main] com.zaxxer.hikari.HikariDataSource       : HikariPool-1 - Start completed.
2021-03-16 10:52:31.767  INFO 34835 --- [main] o.s.b.w.embedded.tomcat.TomcatWebServer  : Tomcat started on port(s): 8082 (http) with context path ''
2021-03-16 10:52:31.769  INFO 34835 --- [main] com.manda.go.SOFABootWebApplication      : Started SOFABootWebApplication in 24.279 seconds (JVM running for 24.729)
2021-03-16 11:31:48.079  WARN 34835 --- [HikariPool-1 housekeeper] com.zaxxer.hikari.pool.HikariPool        : HikariPool-1 - Thread starvation or clock leap detected (housekeeper delta=23m16s40ms).
2021-03-16 11:34:00.588  INFO 34835 --- [Thread-2] o.s.s.concurrent.ThreadPoolTaskExecutor  : Shutting down ExecutorService 'applicationTaskExecutor'
2021-03-16 11:34:00.601  INFO 34835 --- [Thread-2] com.zaxxer.hikari.HikariDataSource       : HikariPool-1 - Shutdown initiated...
2021-03-16 11:34:00.673  INFO 34835 --- [Thread-2] com.zaxxer.hikari.HikariDataSource       : HikariPool-1 - Shutdown completed.
2021-03-16 11:34:04.819  INFO 36190 --- [main] com.manda.go.SOFABootWebApplication      : Starting SOFABootWebApplication on DNID0683L01.local with PID 36190 (/Users/prakosoa/Documents/DANALearning/DANA-go/go/app/web/target/classes started by prakosoa in /Users/prakosoa/Documents/DANALearning/DANA-go/go)
2021-03-16 11:34:04.820  INFO 36190 --- [main] com.manda.go.SOFABootWebApplication      : No active profile set, falling back to default profiles: default
2021-03-16 11:34:06.460  WARN 36190 --- [main] o.m.s.mapper.ClassPathMapperScanner      : No MyBatis mapper was found in '[com.manda.go]' package. Please check your configuration.
2021-03-16 11:34:07.245  INFO 36190 --- [main] o.s.b.w.embedded.tomcat.TomcatWebServer  : Tomcat initialized with port(s): 8082 (http)
2021-03-16 11:34:07.289  INFO 36190 --- [main] o.apache.catalina.core.StandardService   : Starting service [Tomcat]
2021-03-16 11:34:07.289  INFO 36190 --- [main] org.apache.catalina.core.StandardEngine  : Starting Servlet engine: [Apache Tomcat/9.0.37]
2021-03-16 11:34:07.402  INFO 36190 --- [main] o.a.c.c.C.[Tomcat].[localhost].[/]       : Initializing Spring embedded WebApplicationContext
2021-03-16 11:34:07.403  INFO 36190 --- [main] o.s.web.context.ContextLoader            : Root WebApplicationContext: initialization completed in 2515 ms
2021-03-16 11:34:08.164  INFO 36190 --- [main] o.s.s.concurrent.ThreadPoolTaskExecutor  : Initializing ExecutorService 'applicationTaskExecutor'
2021-03-16 11:34:08.598  INFO 36190 --- [main] o.s.b.a.e.web.EndpointLinksResolver      : Exposing 4 endpoint(s) beneath base path '/actuator'
2021-03-16 11:34:08.927  WARN 36190 --- [sofa-module-start-go-common-dal] o.m.s.mapper.ClassPathMapperScanner      : No MyBatis mapper was found in '[com.manda.go]' package. Please check your configuration.
2021-03-16 11:34:08.930  WARN 36190 --- [sofa-module-start-go-biz-shared] o.m.s.mapper.ClassPathMapperScanner      : No MyBatis mapper was found in '[com.manda.go]' package. Please check your configuration.
2021-03-16 11:34:08.978  WARN 36190 --- [sofa-module-start-go-biz-service-impl] o.m.s.mapper.ClassPathMapperScanner      : No MyBatis mapper was found in '[com.manda.go]' package. Please check your configuration.
2021-03-16 11:34:29.246  INFO 36190 --- [main] com.zaxxer.hikari.HikariDataSource       : HikariPool-1 - Starting...
2021-03-16 11:34:29.524  INFO 36190 --- [main] com.zaxxer.hikari.HikariDataSource       : HikariPool-1 - Start completed.
2021-03-16 11:34:29.624  INFO 36190 --- [main] o.s.b.w.embedded.tomcat.TomcatWebServer  : Tomcat started on port(s): 8082 (http) with context path ''
2021-03-16 11:34:29.627  INFO 36190 --- [main] com.manda.go.SOFABootWebApplication      : Started SOFABootWebApplication in 25.721 seconds (JVM running for 26.279)
2021-03-16 11:56:02.248  INFO 36190 --- [http-nio-8082-exec-1] o.a.c.c.C.[Tomcat].[localhost].[/]       : Initializing Spring DispatcherServlet 'dispatcherServlet'
2021-03-16 11:56:02.250  INFO 36190 --- [http-nio-8082-exec-1] o.s.web.servlet.DispatcherServlet        : Initializing Servlet 'dispatcherServlet'
2021-03-16 11:56:02.303  INFO 36190 --- [http-nio-8082-exec-1] o.s.web.servlet.DispatcherServlet        : Completed initialization in 53 ms
2021-03-16 11:56:02.531 ERROR 36190 --- [http-nio-8082-exec-1] c.m.go.controller.SampleRestController   : JVM Reference[interface com.manda.go.facade.UserServiceFacade#] can not find the corresponding JVM service. Please check if there is a SOFA deployment publish the corresponding JVM service. If this exception occurred when the application starts up, please add Require-Module to SOFA deployment's MANIFEST.MF to indicate the startup dependency of SOFA modules.
2021-03-16 11:57:05.517  INFO 36190 --- [Thread-2] o.s.s.concurrent.ThreadPoolTaskExecutor  : Shutting down ExecutorService 'applicationTaskExecutor'
2021-03-16 11:57:05.527  INFO 36190 --- [Thread-2] com.zaxxer.hikari.HikariDataSource       : HikariPool-1 - Shutdown initiated...
2021-03-16 11:57:05.564  INFO 36190 --- [Thread-2] com.zaxxer.hikari.HikariDataSource       : HikariPool-1 - Shutdown completed.
2021-03-16 11:57:09.058  INFO 38004 --- [main] com.manda.go.SOFABootWebApplication      : Starting SOFABootWebApplication on DNID0683L01.local with PID 38004 (/Users/prakosoa/Documents/DANALearning/DANA-go/go/app/web/target/classes started by prakosoa in /Users/prakosoa/Documents/DANALearning/DANA-go/go)
2021-03-16 11:57:09.059  INFO 38004 --- [main] com.manda.go.SOFABootWebApplication      : No active profile set, falling back to default profiles: default
2021-03-16 11:57:10.077  WARN 38004 --- [main] o.m.s.mapper.ClassPathMapperScanner      : No MyBatis mapper was found in '[com.manda.go]' package. Please check your configuration.
2021-03-16 11:57:10.672  INFO 38004 --- [main] o.s.b.w.embedded.tomcat.TomcatWebServer  : Tomcat initialized with port(s): 8082 (http)
2021-03-16 11:57:10.702  INFO 38004 --- [main] o.apache.catalina.core.StandardService   : Starting service [Tomcat]
2021-03-16 11:57:10.702  INFO 38004 --- [main] org.apache.catalina.core.StandardEngine  : Starting Servlet engine: [Apache Tomcat/9.0.37]
2021-03-16 11:57:10.795  INFO 38004 --- [main] o.a.c.c.C.[Tomcat].[localhost].[/]       : Initializing Spring embedded WebApplicationContext
2021-03-16 11:57:10.796  INFO 38004 --- [main] o.s.web.context.ContextLoader            : Root WebApplicationContext: initialization completed in 1693 ms
2021-03-16 11:57:11.346  INFO 38004 --- [main] o.s.s.concurrent.ThreadPoolTaskExecutor  : Initializing ExecutorService 'applicationTaskExecutor'
2021-03-16 11:57:11.702  INFO 38004 --- [main] o.s.b.a.e.web.EndpointLinksResolver      : Exposing 4 endpoint(s) beneath base path '/actuator'
2021-03-16 11:57:11.978  WARN 38004 --- [sofa-module-start-go-biz-shared] o.m.s.mapper.ClassPathMapperScanner      : No MyBatis mapper was found in '[com.manda.go]' package. Please check your configuration.
2021-03-16 11:57:11.980  WARN 38004 --- [sofa-module-start-go-common-dal] o.m.s.mapper.ClassPathMapperScanner      : No MyBatis mapper was found in '[com.manda.go]' package. Please check your configuration.
2021-03-16 11:57:12.020  WARN 38004 --- [sofa-module-start-go-biz-service-impl] o.m.s.mapper.ClassPathMapperScanner      : No MyBatis mapper was found in '[com.manda.go]' package. Please check your configuration.
2021-03-16 11:57:32.226  INFO 38004 --- [main] com.zaxxer.hikari.HikariDataSource       : HikariPool-1 - Starting...
2021-03-16 11:57:32.409  INFO 38004 --- [main] com.zaxxer.hikari.HikariDataSource       : HikariPool-1 - Start completed.
2021-03-16 11:57:32.500  INFO 38004 --- [main] o.s.b.w.embedded.tomcat.TomcatWebServer  : Tomcat started on port(s): 8082 (http) with context path ''
2021-03-16 11:57:32.502  INFO 38004 --- [main] com.manda.go.SOFABootWebApplication      : Started SOFABootWebApplication in 24.226 seconds (JVM running for 24.704)
2021-03-16 11:57:58.376  INFO 38004 --- [http-nio-8082-exec-1] o.a.c.c.C.[Tomcat].[localhost].[/]       : Initializing Spring DispatcherServlet 'dispatcherServlet'
2021-03-16 11:57:58.402  INFO 38004 --- [http-nio-8082-exec-1] o.s.web.servlet.DispatcherServlet        : Initializing Servlet 'dispatcherServlet'
2021-03-16 11:57:58.416  INFO 38004 --- [http-nio-8082-exec-1] o.s.web.servlet.DispatcherServlet        : Completed initialization in 14 ms
2021-03-16 11:57:58.555 ERROR 38004 --- [http-nio-8082-exec-1] c.m.go.controller.SampleRestController   : JVM Reference[interface com.manda.go.facade.UserServiceFacade#] can not find the corresponding JVM service. Please check if there is a SOFA deployment publish the corresponding JVM service. If this exception occurred when the application starts up, please add Require-Module to SOFA deployment's MANIFEST.MF to indicate the startup dependency of SOFA modules.
2021-03-16 11:59:33.819  INFO 38004 --- [Thread-2] o.s.s.concurrent.ThreadPoolTaskExecutor  : Shutting down ExecutorService 'applicationTaskExecutor'
2021-03-16 11:59:33.822  INFO 38004 --- [Thread-2] com.zaxxer.hikari.HikariDataSource       : HikariPool-1 - Shutdown initiated...
2021-03-16 11:59:33.845  INFO 38004 --- [Thread-2] com.zaxxer.hikari.HikariDataSource       : HikariPool-1 - Shutdown completed.
2021-03-16 11:59:36.953  INFO 38181 --- [main] com.manda.go.SOFABootWebApplication      : Starting SOFABootWebApplication on DNID0683L01.local with PID 38181 (/Users/prakosoa/Documents/DANALearning/DANA-go/go/app/web/target/classes started by prakosoa in /Users/prakosoa/Documents/DANALearning/DANA-go/go)
2021-03-16 11:59:36.954  INFO 38181 --- [main] com.manda.go.SOFABootWebApplication      : No active profile set, falling back to default profiles: default
2021-03-16 11:59:37.840  WARN 38181 --- [main] o.m.s.mapper.ClassPathMapperScanner      : No MyBatis mapper was found in '[com.manda.go]' package. Please check your configuration.
2021-03-16 11:59:38.393  INFO 38181 --- [main] o.s.b.w.embedded.tomcat.TomcatWebServer  : Tomcat initialized with port(s): 8082 (http)
2021-03-16 11:59:38.422  INFO 38181 --- [main] o.apache.catalina.core.StandardService   : Starting service [Tomcat]
2021-03-16 11:59:38.422  INFO 38181 --- [main] org.apache.catalina.core.StandardEngine  : Starting Servlet engine: [Apache Tomcat/9.0.37]
2021-03-16 11:59:38.511  INFO 38181 --- [main] o.a.c.c.C.[Tomcat].[localhost].[/]       : Initializing Spring embedded WebApplicationContext
2021-03-16 11:59:38.511  INFO 38181 --- [main] o.s.web.context.ContextLoader            : Root WebApplicationContext: initialization completed in 1514 ms
2021-03-16 11:59:39.059  INFO 38181 --- [main] o.s.s.concurrent.ThreadPoolTaskExecutor  : Initializing ExecutorService 'applicationTaskExecutor'
2021-03-16 11:59:39.400  INFO 38181 --- [main] o.s.b.a.e.web.EndpointLinksResolver      : Exposing 4 endpoint(s) beneath base path '/actuator'
2021-03-16 11:59:39.660  WARN 38181 --- [sofa-module-start-go-common-dal] o.m.s.mapper.ClassPathMapperScanner      : No MyBatis mapper was found in '[com.manda.go]' package. Please check your configuration.
2021-03-16 11:59:39.662  WARN 38181 --- [sofa-module-start-go-biz-shared] o.m.s.mapper.ClassPathMapperScanner      : No MyBatis mapper was found in '[com.manda.go]' package. Please check your configuration.
2021-03-16 11:59:39.704  WARN 38181 --- [sofa-module-start-go-biz-service-impl] o.m.s.mapper.ClassPathMapperScanner      : No MyBatis mapper was found in '[com.manda.go]' package. Please check your configuration.
2021-03-16 11:59:59.894  INFO 38181 --- [main] com.zaxxer.hikari.HikariDataSource       : HikariPool-1 - Starting...
2021-03-16 12:00:00.040  INFO 38181 --- [main] com.zaxxer.hikari.HikariDataSource       : HikariPool-1 - Start completed.
2021-03-16 12:00:00.111  INFO 38181 --- [main] o.s.b.w.embedded.tomcat.TomcatWebServer  : Tomcat started on port(s): 8082 (http) with context path ''
2021-03-16 12:00:00.113  INFO 38181 --- [main] com.manda.go.SOFABootWebApplication      : Started SOFABootWebApplication in 23.912 seconds (JVM running for 24.391)
2021-03-16 12:09:30.145  INFO 38181 --- [http-nio-8082-exec-1] o.a.c.c.C.[Tomcat].[localhost].[/]       : Initializing Spring DispatcherServlet 'dispatcherServlet'
2021-03-16 12:09:30.148  INFO 38181 --- [http-nio-8082-exec-1] o.s.web.servlet.DispatcherServlet        : Initializing Servlet 'dispatcherServlet'
2021-03-16 12:09:30.175  INFO 38181 --- [http-nio-8082-exec-1] o.s.web.servlet.DispatcherServlet        : Completed initialization in 27 ms
2021-03-16 12:09:30.342 ERROR 38181 --- [http-nio-8082-exec-1] c.m.go.controller.SampleRestController   : JVM Reference[interface com.manda.go.core.service.UserService#] can not find the corresponding JVM service. Please check if there is a SOFA deployment publish the corresponding JVM service. If this exception occurred when the application starts up, please add Require-Module to SOFA deployment's MANIFEST.MF to indicate the startup dependency of SOFA modules.
2021-03-16 12:16:04.623  INFO 38181 --- [Thread-2] o.s.s.concurrent.ThreadPoolTaskExecutor  : Shutting down ExecutorService 'applicationTaskExecutor'
2021-03-16 12:16:04.629  INFO 38181 --- [Thread-2] com.zaxxer.hikari.HikariDataSource       : HikariPool-1 - Shutdown initiated...
2021-03-16 12:16:04.658  INFO 38181 --- [Thread-2] com.zaxxer.hikari.HikariDataSource       : HikariPool-1 - Shutdown completed.
2021-03-16 12:16:07.941  INFO 39488 --- [main] com.manda.go.SOFABootWebApplication      : Starting SOFABootWebApplication on DNID0683L01.local with PID 39488 (/Users/prakosoa/Documents/DANALearning/DANA-go/go/app/web/target/classes started by prakosoa in /Users/prakosoa/Documents/DANALearning/DANA-go/go)
2021-03-16 12:16:07.941  INFO 39488 --- [main] com.manda.go.SOFABootWebApplication      : No active profile set, falling back to default profiles: default
2021-03-16 12:16:08.860  WARN 39488 --- [main] o.m.s.mapper.ClassPathMapperScanner      : No MyBatis mapper was found in '[com.manda.go]' package. Please check your configuration.
2021-03-16 12:16:09.451  INFO 39488 --- [main] o.s.b.w.embedded.tomcat.TomcatWebServer  : Tomcat initialized with port(s): 8082 (http)
2021-03-16 12:16:09.480  INFO 39488 --- [main] o.apache.catalina.core.StandardService   : Starting service [Tomcat]
2021-03-16 12:16:09.480  INFO 39488 --- [main] org.apache.catalina.core.StandardEngine  : Starting Servlet engine: [Apache Tomcat/9.0.37]
2021-03-16 12:16:09.575  INFO 39488 --- [main] o.a.c.c.C.[Tomcat].[localhost].[/]       : Initializing Spring embedded WebApplicationContext
2021-03-16 12:16:09.575  INFO 39488 --- [main] o.s.web.context.ContextLoader            : Root WebApplicationContext: initialization completed in 1591 ms
2021-03-16 12:16:10.144  INFO 39488 --- [main] o.s.s.concurrent.ThreadPoolTaskExecutor  : Initializing ExecutorService 'applicationTaskExecutor'
2021-03-16 12:16:10.517  INFO 39488 --- [main] o.s.b.a.e.web.EndpointLinksResolver      : Exposing 4 endpoint(s) beneath base path '/actuator'
2021-03-16 12:16:10.795  WARN 39488 --- [sofa-module-start-go-common-dal] o.m.s.mapper.ClassPathMapperScanner      : No MyBatis mapper was found in '[com.manda.go]' package. Please check your configuration.
2021-03-16 12:16:10.796  WARN 39488 --- [sofa-module-start-go-biz-shared] o.m.s.mapper.ClassPathMapperScanner      : No MyBatis mapper was found in '[com.manda.go]' package. Please check your configuration.
2021-03-16 12:16:10.845  WARN 39488 --- [sofa-module-start-go-biz-service-impl] o.m.s.mapper.ClassPathMapperScanner      : No MyBatis mapper was found in '[com.manda.go]' package. Please check your configuration.
2021-03-16 12:16:10.845  WARN 39488 --- [sofa-module-start-go-core-service] o.m.s.mapper.ClassPathMapperScanner      : No MyBatis mapper was found in '[com.manda.go]' package. Please check your configuration.
2021-03-16 12:16:31.020  INFO 39488 --- [main] com.zaxxer.hikari.HikariDataSource       : HikariPool-1 - Starting...
2021-03-16 12:16:31.165  INFO 39488 --- [main] com.zaxxer.hikari.HikariDataSource       : HikariPool-1 - Start completed.
2021-03-16 12:16:31.244  INFO 39488 --- [main] o.s.b.w.embedded.tomcat.TomcatWebServer  : Tomcat started on port(s): 8082 (http) with context path ''
2021-03-16 12:16:31.246  INFO 39488 --- [main] com.manda.go.SOFABootWebApplication      : Started SOFABootWebApplication in 24.03 seconds (JVM running for 24.487)
2021-03-16 12:51:16.910  WARN 39488 --- [HikariPool-1 housekeeper] com.zaxxer.hikari.pool.HikariPool        : HikariPool-1 - Thread starvation or clock leap detected (housekeeper delta=24m45s526ms).
2021-03-16 12:52:00.435  INFO 39488 --- [Thread-2] o.s.s.concurrent.ThreadPoolTaskExecutor  : Shutting down ExecutorService 'applicationTaskExecutor'
2021-03-16 12:52:00.440  INFO 39488 --- [Thread-2] com.zaxxer.hikari.HikariDataSource       : HikariPool-1 - Shutdown initiated...
2021-03-16 12:52:00.481  INFO 39488 --- [Thread-2] com.zaxxer.hikari.HikariDataSource       : HikariPool-1 - Shutdown completed.
2021-03-16 12:52:04.046  INFO 40406 --- [main] com.manda.go.SOFABootWebApplication      : Starting SOFABootWebApplication on DNID0683L01.local with PID 40406 (/Users/prakosoa/Documents/DANALearning/DANA-go/go/app/web/target/classes started by prakosoa in /Users/prakosoa/Documents/DANALearning/DANA-go/go)
2021-03-16 12:52:04.047  INFO 40406 --- [main] com.manda.go.SOFABootWebApplication      : No active profile set, falling back to default profiles: default
2021-03-16 12:52:05.322  WARN 40406 --- [main] o.m.s.mapper.ClassPathMapperScanner      : No MyBatis mapper was found in '[com.manda.go]' package. Please check your configuration.
2021-03-16 12:52:05.989  INFO 40406 --- [main] o.s.b.w.embedded.tomcat.TomcatWebServer  : Tomcat initialized with port(s): 8082 (http)
2021-03-16 12:52:06.023  INFO 40406 --- [main] o.apache.catalina.core.StandardService   : Starting service [Tomcat]
2021-03-16 12:52:06.023  INFO 40406 --- [main] org.apache.catalina.core.StandardEngine  : Starting Servlet engine: [Apache Tomcat/9.0.37]
2021-03-16 12:52:06.119  INFO 40406 --- [main] o.a.c.c.C.[Tomcat].[localhost].[/]       : Initializing Spring embedded WebApplicationContext
2021-03-16 12:52:06.119  INFO 40406 --- [main] o.s.web.context.ContextLoader            : Root WebApplicationContext: initialization completed in 2017 ms
2021-03-16 12:52:06.726  INFO 40406 --- [main] o.s.s.concurrent.ThreadPoolTaskExecutor  : Initializing ExecutorService 'applicationTaskExecutor'
2021-03-16 12:52:07.091  INFO 40406 --- [main] o.s.b.a.e.web.EndpointLinksResolver      : Exposing 4 endpoint(s) beneath base path '/actuator'
2021-03-16 12:52:07.400  WARN 40406 --- [sofa-module-start-go-biz-shared] o.m.s.mapper.ClassPathMapperScanner      : No MyBatis mapper was found in '[com.manda.go]' package. Please check your configuration.
2021-03-16 12:52:07.401  WARN 40406 --- [sofa-module-start-go-common-dal] o.m.s.mapper.ClassPathMapperScanner      : No MyBatis mapper was found in '[com.manda.go]' package. Please check your configuration.
2021-03-16 12:52:07.442  WARN 40406 --- [sofa-module-start-go-core-service] o.m.s.mapper.ClassPathMapperScanner      : No MyBatis mapper was found in '[com.manda.go]' package. Please check your configuration.
2021-03-16 12:52:07.442  WARN 40406 --- [sofa-module-start-go-biz-service-impl] o.m.s.mapper.ClassPathMapperScanner      : No MyBatis mapper was found in '[com.manda.go]' package. Please check your configuration.
2021-03-16 12:52:27.633  INFO 40406 --- [main] com.zaxxer.hikari.HikariDataSource       : HikariPool-1 - Starting...
2021-03-16 12:52:27.795  INFO 40406 --- [main] com.zaxxer.hikari.HikariDataSource       : HikariPool-1 - Start completed.
2021-03-16 12:52:27.882  INFO 40406 --- [main] o.s.b.w.embedded.tomcat.TomcatWebServer  : Tomcat started on port(s): 8082 (http) with context path ''
2021-03-16 12:52:27.884  INFO 40406 --- [main] com.manda.go.SOFABootWebApplication      : Started SOFABootWebApplication in 24.562 seconds (JVM running for 25.158)
2021-03-16 12:52:55.722  INFO 40406 --- [http-nio-8082-exec-1] o.a.c.c.C.[Tomcat].[localhost].[/]       : Initializing Spring DispatcherServlet 'dispatcherServlet'
2021-03-16 12:52:55.724  INFO 40406 --- [http-nio-8082-exec-1] o.s.web.servlet.DispatcherServlet        : Initializing Servlet 'dispatcherServlet'
2021-03-16 12:52:55.756  INFO 40406 --- [http-nio-8082-exec-1] o.s.web.servlet.DispatcherServlet        : Completed initialization in 32 ms
2021-03-16 12:52:56.290 ERROR 40406 --- [http-nio-8082-exec-1] c.m.go.controller.SampleRestController   : 
### Error querying database.  Cause: java.sql.SQLSyntaxErrorException: Unknown column 'user_id' in 'where clause'
### The error may exist in com/manda/go/common/dal/dai/AvatarManageDAO.java (best guess)
### The error may involve com.manda.go.common.dal.dai.AvatarManageDAO.findById-Inline
### The error occurred while setting parameters
### SQL: SELECT * FROM missions WHERE user_id = ?
### Cause: java.sql.SQLSyntaxErrorException: Unknown column 'user_id' in 'where clause'
; bad SQL grammar []; nested exception is java.sql.SQLSyntaxErrorException: Unknown column 'user_id' in 'where clause'
2021-03-16 12:53:44.330  INFO 40406 --- [Thread-2] o.s.s.concurrent.ThreadPoolTaskExecutor  : Shutting down ExecutorService 'applicationTaskExecutor'
2021-03-16 12:53:44.332  INFO 40406 --- [Thread-2] com.zaxxer.hikari.HikariDataSource       : HikariPool-1 - Shutdown initiated...
2021-03-16 12:53:44.360  INFO 40406 --- [Thread-2] com.zaxxer.hikari.HikariDataSource       : HikariPool-1 - Shutdown completed.
2021-03-16 12:53:48.003  INFO 40545 --- [main] com.manda.go.SOFABootWebApplication      : Starting SOFABootWebApplication on DNID0683L01.local with PID 40545 (/Users/prakosoa/Documents/DANALearning/DANA-go/go/app/web/target/classes started by prakosoa in /Users/prakosoa/Documents/DANALearning/DANA-go/go)
2021-03-16 12:53:48.004  INFO 40545 --- [main] com.manda.go.SOFABootWebApplication      : No active profile set, falling back to default profiles: default
2021-03-16 12:53:48.968  WARN 40545 --- [main] o.m.s.mapper.ClassPathMapperScanner      : No MyBatis mapper was found in '[com.manda.go]' package. Please check your configuration.
2021-03-16 12:53:49.528  INFO 40545 --- [main] o.s.b.w.embedded.tomcat.TomcatWebServer  : Tomcat initialized with port(s): 8082 (http)
2021-03-16 12:53:49.557  INFO 40545 --- [main] o.apache.catalina.core.StandardService   : Starting service [Tomcat]
2021-03-16 12:53:49.557  INFO 40545 --- [main] org.apache.catalina.core.StandardEngine  : Starting Servlet engine: [Apache Tomcat/9.0.37]
2021-03-16 12:53:49.647  INFO 40545 --- [main] o.a.c.c.C.[Tomcat].[localhost].[/]       : Initializing Spring embedded WebApplicationContext
2021-03-16 12:53:49.648  INFO 40545 --- [main] o.s.web.context.ContextLoader            : Root WebApplicationContext: initialization completed in 1601 ms
2021-03-16 12:53:50.225  INFO 40545 --- [main] o.s.s.concurrent.ThreadPoolTaskExecutor  : Initializing ExecutorService 'applicationTaskExecutor'
2021-03-16 12:53:50.584  INFO 40545 --- [main] o.s.b.a.e.web.EndpointLinksResolver      : Exposing 4 endpoint(s) beneath base path '/actuator'
2021-03-16 12:53:50.867  WARN 40545 --- [sofa-module-start-go-common-dal] o.m.s.mapper.ClassPathMapperScanner      : No MyBatis mapper was found in '[com.manda.go]' package. Please check your configuration.
2021-03-16 12:53:50.869  WARN 40545 --- [sofa-module-start-go-biz-shared] o.m.s.mapper.ClassPathMapperScanner      : No MyBatis mapper was found in '[com.manda.go]' package. Please check your configuration.
2021-03-16 12:53:50.913  WARN 40545 --- [sofa-module-start-go-core-service] o.m.s.mapper.ClassPathMapperScanner      : No MyBatis mapper was found in '[com.manda.go]' package. Please check your configuration.
2021-03-16 12:53:50.913  WARN 40545 --- [sofa-module-start-go-biz-service-impl] o.m.s.mapper.ClassPathMapperScanner      : No MyBatis mapper was found in '[com.manda.go]' package. Please check your configuration.
2021-03-16 12:54:11.129  INFO 40545 --- [main] com.zaxxer.hikari.HikariDataSource       : HikariPool-1 - Starting...
2021-03-16 12:54:11.366  INFO 40545 --- [main] com.zaxxer.hikari.HikariDataSource       : HikariPool-1 - Start completed.
2021-03-16 12:54:11.443  INFO 40545 --- [main] o.s.b.w.embedded.tomcat.TomcatWebServer  : Tomcat started on port(s): 8082 (http) with context path ''
2021-03-16 12:54:11.444  INFO 40545 --- [main] com.manda.go.SOFABootWebApplication      : Started SOFABootWebApplication in 24.159 seconds (JVM running for 24.603)
2021-03-16 12:54:19.751  INFO 40545 --- [http-nio-8082-exec-1] o.a.c.c.C.[Tomcat].[localhost].[/]       : Initializing Spring DispatcherServlet 'dispatcherServlet'
2021-03-16 12:54:19.756  INFO 40545 --- [http-nio-8082-exec-1] o.s.web.servlet.DispatcherServlet        : Initializing Servlet 'dispatcherServlet'
2021-03-16 12:54:19.777  INFO 40545 --- [http-nio-8082-exec-1] o.s.web.servlet.DispatcherServlet        : Completed initialization in 21 ms
2021-03-16 13:16:56.724  INFO 40545 --- [Thread-2] o.s.s.concurrent.ThreadPoolTaskExecutor  : Shutting down ExecutorService 'applicationTaskExecutor'
2021-03-16 13:16:56.730  INFO 40545 --- [Thread-2] com.zaxxer.hikari.HikariDataSource       : HikariPool-1 - Shutdown initiated...
2021-03-16 13:16:56.758  INFO 40545 --- [Thread-2] com.zaxxer.hikari.HikariDataSource       : HikariPool-1 - Shutdown completed.
2021-03-16 13:17:00.863  INFO 42140 --- [main] com.manda.go.SOFABootWebApplication      : Starting SOFABootWebApplication on DNID0683L01.local with PID 42140 (/Users/prakosoa/Documents/DANALearning/DANA-go/go/app/web/target/classes started by prakosoa in /Users/prakosoa/Documents/DANALearning/DANA-go/go)
2021-03-16 13:17:00.864  INFO 42140 --- [main] com.manda.go.SOFABootWebApplication      : No active profile set, falling back to default profiles: default
2021-03-16 13:17:01.864  WARN 42140 --- [main] o.m.s.mapper.ClassPathMapperScanner      : No MyBatis mapper was found in '[com.manda.go]' package. Please check your configuration.
2021-03-16 13:17:02.441  INFO 42140 --- [main] o.s.b.w.embedded.tomcat.TomcatWebServer  : Tomcat initialized with port(s): 8082 (http)
2021-03-16 13:17:02.472  INFO 42140 --- [main] o.apache.catalina.core.StandardService   : Starting service [Tomcat]
2021-03-16 13:17:02.472  INFO 42140 --- [main] org.apache.catalina.core.StandardEngine  : Starting Servlet engine: [Apache Tomcat/9.0.37]
2021-03-16 13:17:02.562  INFO 42140 --- [main] o.a.c.c.C.[Tomcat].[localhost].[/]       : Initializing Spring embedded WebApplicationContext
2021-03-16 13:17:02.562  INFO 42140 --- [main] o.s.web.context.ContextLoader            : Root WebApplicationContext: initialization completed in 1650 ms
2021-03-16 13:17:03.115  INFO 42140 --- [main] o.s.s.concurrent.ThreadPoolTaskExecutor  : Initializing ExecutorService 'applicationTaskExecutor'
2021-03-16 13:17:03.461  INFO 42140 --- [main] o.s.b.a.e.web.EndpointLinksResolver      : Exposing 4 endpoint(s) beneath base path '/actuator'
2021-03-16 13:17:03.756  WARN 42140 --- [sofa-module-start-go-common-dal] o.m.s.mapper.ClassPathMapperScanner      : No MyBatis mapper was found in '[com.manda.go]' package. Please check your configuration.
2021-03-16 13:17:03.758  WARN 42140 --- [sofa-module-start-go-biz-shared] o.m.s.mapper.ClassPathMapperScanner      : No MyBatis mapper was found in '[com.manda.go]' package. Please check your configuration.
2021-03-16 13:17:03.803  WARN 42140 --- [sofa-module-start-go-biz-service-impl] o.m.s.mapper.ClassPathMapperScanner      : No MyBatis mapper was found in '[com.manda.go]' package. Please check your configuration.
2021-03-16 13:17:03.803  WARN 42140 --- [sofa-module-start-go-core-service] o.m.s.mapper.ClassPathMapperScanner      : No MyBatis mapper was found in '[com.manda.go]' package. Please check your configuration.
2021-03-16 13:17:24.008  INFO 42140 --- [main] com.zaxxer.hikari.HikariDataSource       : HikariPool-1 - Starting...
2021-03-16 13:17:24.149  INFO 42140 --- [main] com.zaxxer.hikari.HikariDataSource       : HikariPool-1 - Start completed.
2021-03-16 13:17:24.230  INFO 42140 --- [main] o.s.b.w.embedded.tomcat.TomcatWebServer  : Tomcat started on port(s): 8082 (http) with context path ''
2021-03-16 13:17:24.232  INFO 42140 --- [main] com.manda.go.SOFABootWebApplication      : Started SOFABootWebApplication in 24.059 seconds (JVM running for 24.503)
2021-03-16 13:17:38.342  INFO 42140 --- [http-nio-8082-exec-1] o.a.c.c.C.[Tomcat].[localhost].[/]       : Initializing Spring DispatcherServlet 'dispatcherServlet'
2021-03-16 13:17:38.344  INFO 42140 --- [http-nio-8082-exec-1] o.s.web.servlet.DispatcherServlet        : Initializing Servlet 'dispatcherServlet'
2021-03-16 13:17:38.376  INFO 42140 --- [http-nio-8082-exec-1] o.s.web.servlet.DispatcherServlet        : Completed initialization in 31 ms
2021-03-16 13:18:43.503  INFO 42140 --- [Thread-2] o.s.s.concurrent.ThreadPoolTaskExecutor  : Shutting down ExecutorService 'applicationTaskExecutor'
2021-03-16 13:18:43.505  INFO 42140 --- [Thread-2] com.zaxxer.hikari.HikariDataSource       : HikariPool-1 - Shutdown initiated...
2021-03-16 13:18:43.525  INFO 42140 --- [Thread-2] com.zaxxer.hikari.HikariDataSource       : HikariPool-1 - Shutdown completed.
2021-03-16 13:18:47.044  INFO 42266 --- [main] com.manda.go.SOFABootWebApplication      : Starting SOFABootWebApplication on DNID0683L01.local with PID 42266 (/Users/prakosoa/Documents/DANALearning/DANA-go/go/app/web/target/classes started by prakosoa in /Users/prakosoa/Documents/DANALearning/DANA-go/go)
2021-03-16 13:18:47.045  INFO 42266 --- [main] com.manda.go.SOFABootWebApplication      : No active profile set, falling back to default profiles: default
2021-03-16 13:18:48.005  WARN 42266 --- [main] o.m.s.mapper.ClassPathMapperScanner      : No MyBatis mapper was found in '[com.manda.go]' package. Please check your configuration.
2021-03-16 13:18:48.573  INFO 42266 --- [main] o.s.b.w.embedded.tomcat.TomcatWebServer  : Tomcat initialized with port(s): 8082 (http)
2021-03-16 13:18:48.603  INFO 42266 --- [main] o.apache.catalina.core.StandardService   : Starting service [Tomcat]
2021-03-16 13:18:48.604  INFO 42266 --- [main] org.apache.catalina.core.StandardEngine  : Starting Servlet engine: [Apache Tomcat/9.0.37]
2021-03-16 13:18:48.692  INFO 42266 --- [main] o.a.c.c.C.[Tomcat].[localhost].[/]       : Initializing Spring embedded WebApplicationContext
2021-03-16 13:18:48.692  INFO 42266 --- [main] o.s.web.context.ContextLoader            : Root WebApplicationContext: initialization completed in 1596 ms
2021-03-16 13:18:49.255  INFO 42266 --- [main] o.s.s.concurrent.ThreadPoolTaskExecutor  : Initializing ExecutorService 'applicationTaskExecutor'
2021-03-16 13:18:49.612  INFO 42266 --- [main] o.s.b.a.e.web.EndpointLinksResolver      : Exposing 4 endpoint(s) beneath base path '/actuator'
2021-03-16 13:18:49.889  WARN 42266 --- [sofa-module-start-go-biz-shared] o.m.s.mapper.ClassPathMapperScanner      : No MyBatis mapper was found in '[com.manda.go]' package. Please check your configuration.
2021-03-16 13:18:49.891  WARN 42266 --- [sofa-module-start-go-common-dal] o.m.s.mapper.ClassPathMapperScanner      : No MyBatis mapper was found in '[com.manda.go]' package. Please check your configuration.
2021-03-16 13:18:49.936  WARN 42266 --- [sofa-module-start-go-biz-service-impl] o.m.s.mapper.ClassPathMapperScanner      : No MyBatis mapper was found in '[com.manda.go]' package. Please check your configuration.
2021-03-16 13:18:49.936  WARN 42266 --- [sofa-module-start-go-core-service] o.m.s.mapper.ClassPathMapperScanner      : No MyBatis mapper was found in '[com.manda.go]' package. Please check your configuration.
2021-03-16 13:19:10.128  INFO 42266 --- [main] com.zaxxer.hikari.HikariDataSource       : HikariPool-1 - Starting...
2021-03-16 13:19:10.278  INFO 42266 --- [main] com.zaxxer.hikari.HikariDataSource       : HikariPool-1 - Start completed.
2021-03-16 13:19:10.358  INFO 42266 --- [main] o.s.b.w.embedded.tomcat.TomcatWebServer  : Tomcat started on port(s): 8082 (http) with context path ''
2021-03-16 13:19:10.360  INFO 42266 --- [main] com.manda.go.SOFABootWebApplication      : Started SOFABootWebApplication in 23.853 seconds (JVM running for 24.348)
2021-03-16 13:19:17.883  INFO 42266 --- [http-nio-8082-exec-1] o.a.c.c.C.[Tomcat].[localhost].[/]       : Initializing Spring DispatcherServlet 'dispatcherServlet'
2021-03-16 13:19:17.891  INFO 42266 --- [http-nio-8082-exec-1] o.s.web.servlet.DispatcherServlet        : Initializing Servlet 'dispatcherServlet'
2021-03-16 13:19:17.903  INFO 42266 --- [http-nio-8082-exec-1] o.s.web.servlet.DispatcherServlet        : Completed initialization in 11 ms
2021-03-16 13:22:52.562  INFO 42266 --- [Thread-2] o.s.s.concurrent.ThreadPoolTaskExecutor  : Shutting down ExecutorService 'applicationTaskExecutor'
2021-03-16 13:22:52.566  INFO 42266 --- [Thread-2] com.zaxxer.hikari.HikariDataSource       : HikariPool-1 - Shutdown initiated...
2021-03-16 13:22:52.586  INFO 42266 --- [Thread-2] com.zaxxer.hikari.HikariDataSource       : HikariPool-1 - Shutdown completed.
2021-03-16 13:22:56.481  INFO 42630 --- [main] com.manda.go.SOFABootWebApplication      : Starting SOFABootWebApplication on DNID0683L01.local with PID 42630 (/Users/prakosoa/Documents/DANALearning/DANA-go/go/app/web/target/classes started by prakosoa in /Users/prakosoa/Documents/DANALearning/DANA-go/go)
2021-03-16 13:22:56.482  INFO 42630 --- [main] com.manda.go.SOFABootWebApplication      : No active profile set, falling back to default profiles: default
2021-03-16 13:22:57.410  WARN 42630 --- [main] o.m.s.mapper.ClassPathMapperScanner      : No MyBatis mapper was found in '[com.manda.go]' package. Please check your configuration.
2021-03-16 13:22:58.007  INFO 42630 --- [main] o.s.b.w.embedded.tomcat.TomcatWebServer  : Tomcat initialized with port(s): 8082 (http)
2021-03-16 13:22:58.036  INFO 42630 --- [main] o.apache.catalina.core.StandardService   : Starting service [Tomcat]
2021-03-16 13:22:58.036  INFO 42630 --- [main] org.apache.catalina.core.StandardEngine  : Starting Servlet engine: [Apache Tomcat/9.0.37]
2021-03-16 13:22:58.123  INFO 42630 --- [main] o.a.c.c.C.[Tomcat].[localhost].[/]       : Initializing Spring embedded WebApplicationContext
2021-03-16 13:22:58.124  INFO 42630 --- [main] o.s.web.context.ContextLoader            : Root WebApplicationContext: initialization completed in 1595 ms
2021-03-16 13:22:58.693  INFO 42630 --- [main] o.s.s.concurrent.ThreadPoolTaskExecutor  : Initializing ExecutorService 'applicationTaskExecutor'
2021-03-16 13:22:59.065  INFO 42630 --- [main] o.s.b.a.e.web.EndpointLinksResolver      : Exposing 4 endpoint(s) beneath base path '/actuator'
2021-03-16 13:22:59.343  WARN 42630 --- [sofa-module-start-go-common-dal] o.m.s.mapper.ClassPathMapperScanner      : No MyBatis mapper was found in '[com.manda.go]' package. Please check your configuration.
2021-03-16 13:22:59.346  WARN 42630 --- [sofa-module-start-go-biz-shared] o.m.s.mapper.ClassPathMapperScanner      : No MyBatis mapper was found in '[com.manda.go]' package. Please check your configuration.
2021-03-16 13:22:59.389  WARN 42630 --- [sofa-module-start-go-biz-service-impl] o.m.s.mapper.ClassPathMapperScanner      : No MyBatis mapper was found in '[com.manda.go]' package. Please check your configuration.
2021-03-16 13:22:59.389  WARN 42630 --- [sofa-module-start-go-core-service] o.m.s.mapper.ClassPathMapperScanner      : No MyBatis mapper was found in '[com.manda.go]' package. Please check your configuration.
2021-03-16 13:23:19.584  INFO 42630 --- [main] com.zaxxer.hikari.HikariDataSource       : HikariPool-1 - Starting...
2021-03-16 13:23:19.740  INFO 42630 --- [main] com.zaxxer.hikari.HikariDataSource       : HikariPool-1 - Start completed.
2021-03-16 13:23:19.834  INFO 42630 --- [main] o.s.b.w.embedded.tomcat.TomcatWebServer  : Tomcat started on port(s): 8082 (http) with context path ''
2021-03-16 13:23:19.836  INFO 42630 --- [main] com.manda.go.SOFABootWebApplication      : Started SOFABootWebApplication in 24.047 seconds (JVM running for 24.506)
2021-03-16 13:24:16.155  INFO 42630 --- [http-nio-8082-exec-1] o.a.c.c.C.[Tomcat].[localhost].[/]       : Initializing Spring DispatcherServlet 'dispatcherServlet'
2021-03-16 13:24:16.159  INFO 42630 --- [http-nio-8082-exec-1] o.s.web.servlet.DispatcherServlet        : Initializing Servlet 'dispatcherServlet'
2021-03-16 13:24:16.179  INFO 42630 --- [http-nio-8082-exec-1] o.s.web.servlet.DispatcherServlet        : Completed initialization in 20 ms
2021-03-16 14:40:52.499  INFO 42630 --- [Thread-2] o.s.s.concurrent.ThreadPoolTaskExecutor  : Shutting down ExecutorService 'applicationTaskExecutor'
2021-03-16 14:40:52.537  INFO 42630 --- [Thread-2] com.zaxxer.hikari.HikariDataSource       : HikariPool-1 - Shutdown initiated...
2021-03-16 14:40:52.560  INFO 42630 --- [Thread-2] com.zaxxer.hikari.HikariDataSource       : HikariPool-1 - Shutdown completed.
2021-03-16 14:41:26.820  INFO 48637 --- [main] com.manda.go.SOFABootWebApplication      : Starting SOFABootWebApplication on DNID0683L01.local with PID 48637 (/Users/prakosoa/Documents/DANALearning/DANA-go/go/app/web/target/classes started by prakosoa in /Users/prakosoa/Documents/DANALearning/DANA-go/go)
2021-03-16 14:41:26.821  INFO 48637 --- [main] com.manda.go.SOFABootWebApplication      : No active profile set, falling back to default profiles: default
2021-03-16 14:41:27.922  WARN 48637 --- [main] o.m.s.mapper.ClassPathMapperScanner      : No MyBatis mapper was found in '[com.manda.go]' package. Please check your configuration.
2021-03-16 14:41:28.636  INFO 48637 --- [main] o.s.b.w.embedded.tomcat.TomcatWebServer  : Tomcat initialized with port(s): 8082 (http)
2021-03-16 14:41:28.668  INFO 48637 --- [main] o.apache.catalina.core.StandardService   : Starting service [Tomcat]
2021-03-16 14:41:28.669  INFO 48637 --- [main] org.apache.catalina.core.StandardEngine  : Starting Servlet engine: [Apache Tomcat/9.0.37]
2021-03-16 14:41:28.767  INFO 48637 --- [main] o.a.c.c.C.[Tomcat].[localhost].[/]       : Initializing Spring embedded WebApplicationContext
2021-03-16 14:41:28.767  INFO 48637 --- [main] o.s.web.context.ContextLoader            : Root WebApplicationContext: initialization completed in 1891 ms
2021-03-16 14:41:29.372  INFO 48637 --- [main] o.s.s.concurrent.ThreadPoolTaskExecutor  : Initializing ExecutorService 'applicationTaskExecutor'
2021-03-16 14:41:29.738  INFO 48637 --- [main] o.s.b.a.e.web.EndpointLinksResolver      : Exposing 4 endpoint(s) beneath base path '/actuator'
2021-03-16 14:41:30.065  WARN 48637 --- [sofa-module-start-go-common-dal] o.m.s.mapper.ClassPathMapperScanner      : No MyBatis mapper was found in '[com.manda.go]' package. Please check your configuration.
2021-03-16 14:41:30.105  WARN 48637 --- [sofa-module-start-go-core-service] o.m.s.mapper.ClassPathMapperScanner      : No MyBatis mapper was found in '[com.manda.go]' package. Please check your configuration.
2021-03-16 14:41:30.106  WARN 48637 --- [sofa-module-start-go-biz-service-impl] o.m.s.mapper.ClassPathMapperScanner      : No MyBatis mapper was found in '[com.manda.go]' package. Please check your configuration.
2021-03-16 14:41:30.112  WARN 48637 --- [sofa-module-start-go-core-service] o.m.s.mapper.ClassPathMapperScanner      : Skipping MapperFactoryBean with name 'avatarManageDAO' and 'com.manda.go.common.dal.dai.AvatarManageDAO' mapperInterface. Bean already defined with the same name!
2021-03-16 14:41:30.112  WARN 48637 --- [sofa-module-start-go-core-service] o.m.s.mapper.ClassPathMapperScanner      : Skipping MapperFactoryBean with name 'gamePlayManageDAO' and 'com.manda.go.common.dal.dai.GamePlayManageDAO' mapperInterface. Bean already defined with the same name!
2021-03-16 14:41:30.112  WARN 48637 --- [sofa-module-start-go-core-service] o.m.s.mapper.ClassPathMapperScanner      : Skipping MapperFactoryBean with name 'missionManageDAO' and 'com.manda.go.common.dal.dai.MissionManageDAO' mapperInterface. Bean already defined with the same name!
2021-03-16 14:41:30.113  WARN 48637 --- [sofa-module-start-go-core-service] o.m.s.mapper.ClassPathMapperScanner      : No MyBatis mapper was found in '[com.manda.go.common.dal.dai]' package. Please check your configuration.
2021-03-16 14:41:30.228  INFO 48637 --- [main] com.zaxxer.hikari.HikariDataSource       : HikariPool-1 - Starting...
2021-03-16 14:41:30.404  INFO 48637 --- [main] com.zaxxer.hikari.HikariDataSource       : HikariPool-1 - Start completed.
2021-03-16 14:41:30.490  INFO 48637 --- [main] o.s.b.w.embedded.tomcat.TomcatWebServer  : Tomcat started on port(s): 8082 (http) with context path ''
2021-03-16 14:41:30.492  INFO 48637 --- [main] com.manda.go.SOFABootWebApplication      : Started SOFABootWebApplication in 4.504 seconds (JVM running for 5.102)
2021-03-16 14:41:49.573  INFO 48637 --- [Thread-2] o.s.s.concurrent.ThreadPoolTaskExecutor  : Shutting down ExecutorService 'applicationTaskExecutor'
2021-03-16 14:41:49.575  INFO 48637 --- [Thread-2] com.zaxxer.hikari.HikariDataSource       : HikariPool-1 - Shutdown initiated...
2021-03-16 14:41:49.593  INFO 48637 --- [Thread-2] com.zaxxer.hikari.HikariDataSource       : HikariPool-1 - Shutdown completed.
2021-03-16 14:41:52.942  INFO 48678 --- [main] com.manda.go.SOFABootWebApplication      : Starting SOFABootWebApplication on DNID0683L01.local with PID 48678 (/Users/prakosoa/Documents/DANALearning/DANA-go/go/app/web/target/classes started by prakosoa in /Users/prakosoa/Documents/DANALearning/DANA-go/go)
2021-03-16 14:41:52.943  INFO 48678 --- [main] com.manda.go.SOFABootWebApplication      : No active profile set, falling back to default profiles: default
2021-03-16 14:41:53.919  WARN 48678 --- [main] o.m.s.mapper.ClassPathMapperScanner      : No MyBatis mapper was found in '[com.manda.go]' package. Please check your configuration.
2021-03-16 14:41:54.526  INFO 48678 --- [main] o.s.b.w.embedded.tomcat.TomcatWebServer  : Tomcat initialized with port(s): 8082 (http)
2021-03-16 14:41:54.556  INFO 48678 --- [main] o.apache.catalina.core.StandardService   : Starting service [Tomcat]
2021-03-16 14:41:54.556  INFO 48678 --- [main] org.apache.catalina.core.StandardEngine  : Starting Servlet engine: [Apache Tomcat/9.0.37]
2021-03-16 14:41:54.649  INFO 48678 --- [main] o.a.c.c.C.[Tomcat].[localhost].[/]       : Initializing Spring embedded WebApplicationContext
2021-03-16 14:41:54.649  INFO 48678 --- [main] o.s.web.context.ContextLoader            : Root WebApplicationContext: initialization completed in 1648 ms
2021-03-16 14:41:55.247  INFO 48678 --- [main] o.s.s.concurrent.ThreadPoolTaskExecutor  : Initializing ExecutorService 'applicationTaskExecutor'
2021-03-16 14:41:55.607  INFO 48678 --- [main] o.s.b.a.e.web.EndpointLinksResolver      : Exposing 4 endpoint(s) beneath base path '/actuator'
2021-03-16 14:41:55.886  WARN 48678 --- [sofa-module-start-go-biz-shared] o.m.s.mapper.ClassPathMapperScanner      : No MyBatis mapper was found in '[com.manda.go]' package. Please check your configuration.
2021-03-16 14:41:55.888  WARN 48678 --- [sofa-module-start-go-common-dal] o.m.s.mapper.ClassPathMapperScanner      : No MyBatis mapper was found in '[com.manda.go]' package. Please check your configuration.
2021-03-16 14:41:55.929  WARN 48678 --- [sofa-module-start-go-biz-service-impl] o.m.s.mapper.ClassPathMapperScanner      : No MyBatis mapper was found in '[com.manda.go]' package. Please check your configuration.
2021-03-16 14:41:55.929  WARN 48678 --- [sofa-module-start-go-core-service] o.m.s.mapper.ClassPathMapperScanner      : No MyBatis mapper was found in '[com.manda.go]' package. Please check your configuration.
2021-03-16 14:41:55.936  WARN 48678 --- [sofa-module-start-go-core-service] o.m.s.mapper.ClassPathMapperScanner      : Skipping MapperFactoryBean with name 'avatarManageDAO' and 'com.manda.go.common.dal.dai.AvatarManageDAO' mapperInterface. Bean already defined with the same name!
2021-03-16 14:41:55.936  WARN 48678 --- [sofa-module-start-go-core-service] o.m.s.mapper.ClassPathMapperScanner      : Skipping MapperFactoryBean with name 'gamePlayManageDAO' and 'com.manda.go.common.dal.dai.GamePlayManageDAO' mapperInterface. Bean already defined with the same name!
2021-03-16 14:41:55.936  WARN 48678 --- [sofa-module-start-go-core-service] o.m.s.mapper.ClassPathMapperScanner      : Skipping MapperFactoryBean with name 'missionManageDAO' and 'com.manda.go.common.dal.dai.MissionManageDAO' mapperInterface. Bean already defined with the same name!
2021-03-16 14:41:55.936  WARN 48678 --- [sofa-module-start-go-core-service] o.m.s.mapper.ClassPathMapperScanner      : No MyBatis mapper was found in '[com.manda.go.common.dal.dai]' package. Please check your configuration.
2021-03-16 14:41:56.024  INFO 48678 --- [main] com.zaxxer.hikari.HikariDataSource       : HikariPool-1 - Starting...
2021-03-16 14:41:56.176  INFO 48678 --- [main] com.zaxxer.hikari.HikariDataSource       : HikariPool-1 - Start completed.
2021-03-16 14:41:56.246  INFO 48678 --- [main] o.s.b.w.embedded.tomcat.TomcatWebServer  : Tomcat started on port(s): 8082 (http) with context path ''
2021-03-16 14:41:56.247  INFO 48678 --- [main] com.manda.go.SOFABootWebApplication      : Started SOFABootWebApplication in 3.883 seconds (JVM running for 4.357)
2021-03-16 14:42:49.737  INFO 48678 --- [http-nio-8082-exec-1] o.a.c.c.C.[Tomcat].[localhost].[/]       : Initializing Spring DispatcherServlet 'dispatcherServlet'
2021-03-16 14:42:49.738  INFO 48678 --- [http-nio-8082-exec-1] o.s.web.servlet.DispatcherServlet        : Initializing Servlet 'dispatcherServlet'
2021-03-16 14:42:49.769  INFO 48678 --- [http-nio-8082-exec-1] o.s.web.servlet.DispatcherServlet        : Completed initialization in 30 ms
2021-03-16 14:44:59.625  INFO 48678 --- [Thread-2] o.s.s.concurrent.ThreadPoolTaskExecutor  : Shutting down ExecutorService 'applicationTaskExecutor'
2021-03-16 14:44:59.632  INFO 48678 --- [Thread-2] com.zaxxer.hikari.HikariDataSource       : HikariPool-1 - Shutdown initiated...
2021-03-16 14:44:59.656  INFO 48678 --- [Thread-2] com.zaxxer.hikari.HikariDataSource       : HikariPool-1 - Shutdown completed.
2021-03-16 14:45:03.570  INFO 48900 --- [main] com.manda.go.SOFABootWebApplication      : Starting SOFABootWebApplication on DNID0683L01.local with PID 48900 (/Users/prakosoa/Documents/DANALearning/DANA-go/go/app/web/target/classes started by prakosoa in /Users/prakosoa/Documents/DANALearning/DANA-go/go)
2021-03-16 14:45:03.571  INFO 48900 --- [main] com.manda.go.SOFABootWebApplication      : No active profile set, falling back to default profiles: default
2021-03-16 14:45:04.436  WARN 48900 --- [main] o.m.s.mapper.ClassPathMapperScanner      : No MyBatis mapper was found in '[com.manda.go]' package. Please check your configuration.
2021-03-16 14:45:05.065  INFO 48900 --- [main] o.s.b.w.embedded.tomcat.TomcatWebServer  : Tomcat initialized with port(s): 8082 (http)
2021-03-16 14:45:05.097  INFO 48900 --- [main] o.apache.catalina.core.StandardService   : Starting service [Tomcat]
2021-03-16 14:45:05.097  INFO 48900 --- [main] org.apache.catalina.core.StandardEngine  : Starting Servlet engine: [Apache Tomcat/9.0.37]
2021-03-16 14:45:05.186  INFO 48900 --- [main] o.a.c.c.C.[Tomcat].[localhost].[/]       : Initializing Spring embedded WebApplicationContext
2021-03-16 14:45:05.186  INFO 48900 --- [main] o.s.web.context.ContextLoader            : Root WebApplicationContext: initialization completed in 1570 ms
2021-03-16 14:45:05.815  INFO 48900 --- [main] o.s.s.concurrent.ThreadPoolTaskExecutor  : Initializing ExecutorService 'applicationTaskExecutor'
2021-03-16 14:45:06.173  INFO 48900 --- [main] o.s.b.a.e.web.EndpointLinksResolver      : Exposing 4 endpoint(s) beneath base path '/actuator'
2021-03-16 14:45:06.515  WARN 48900 --- [sofa-module-start-go-biz-shared] o.m.s.mapper.ClassPathMapperScanner      : No MyBatis mapper was found in '[com.manda.go]' package. Please check your configuration.
2021-03-16 14:45:06.515  WARN 48900 --- [sofa-module-start-go-common-dal] o.m.s.mapper.ClassPathMapperScanner      : No MyBatis mapper was found in '[com.manda.go]' package. Please check your configuration.
2021-03-16 14:45:06.562  WARN 48900 --- [sofa-module-start-go-biz-service-impl] o.m.s.mapper.ClassPathMapperScanner      : No MyBatis mapper was found in '[com.manda.go]' package. Please check your configuration.
2021-03-16 14:45:06.562  WARN 48900 --- [sofa-module-start-go-core-service] o.m.s.mapper.ClassPathMapperScanner      : No MyBatis mapper was found in '[com.manda.go]' package. Please check your configuration.
2021-03-16 14:45:06.570  WARN 48900 --- [sofa-module-start-go-core-service] o.m.s.mapper.ClassPathMapperScanner      : Skipping MapperFactoryBean with name 'avatarManageDAO' and 'com.manda.go.common.dal.dai.AvatarManageDAO' mapperInterface. Bean already defined with the same name!
2021-03-16 14:45:06.570  WARN 48900 --- [sofa-module-start-go-core-service] o.m.s.mapper.ClassPathMapperScanner      : Skipping MapperFactoryBean with name 'gamePlayManageDAO' and 'com.manda.go.common.dal.dai.GamePlayManageDAO' mapperInterface. Bean already defined with the same name!
2021-03-16 14:45:06.570  WARN 48900 --- [sofa-module-start-go-core-service] o.m.s.mapper.ClassPathMapperScanner      : Skipping MapperFactoryBean with name 'missionManageDAO' and 'com.manda.go.common.dal.dai.MissionManageDAO' mapperInterface. Bean already defined with the same name!
2021-03-16 14:45:06.570  WARN 48900 --- [sofa-module-start-go-core-service] o.m.s.mapper.ClassPathMapperScanner      : No MyBatis mapper was found in '[com.manda.go.common.dal.dai]' package. Please check your configuration.
2021-03-16 14:45:06.697  INFO 48900 --- [main] com.zaxxer.hikari.HikariDataSource       : HikariPool-1 - Starting...
2021-03-16 14:45:06.865  INFO 48900 --- [main] com.zaxxer.hikari.HikariDataSource       : HikariPool-1 - Start completed.
2021-03-16 14:45:06.945  INFO 48900 --- [main] o.s.b.w.embedded.tomcat.TomcatWebServer  : Tomcat started on port(s): 8082 (http) with context path ''
2021-03-16 14:45:06.946  INFO 48900 --- [main] com.manda.go.SOFABootWebApplication      : Started SOFABootWebApplication in 4.098 seconds (JVM running for 4.564)
2021-03-16 14:45:11.742  INFO 48900 --- [http-nio-8082-exec-1] o.a.c.c.C.[Tomcat].[localhost].[/]       : Initializing Spring DispatcherServlet 'dispatcherServlet'
2021-03-16 14:45:11.761  INFO 48900 --- [http-nio-8082-exec-1] o.s.web.servlet.DispatcherServlet        : Initializing Servlet 'dispatcherServlet'
2021-03-16 14:45:11.774  INFO 48900 --- [http-nio-8082-exec-1] o.s.web.servlet.DispatcherServlet        : Completed initialization in 13 ms
2021-03-16 14:46:21.314  INFO 48900 --- [Thread-2] o.s.s.concurrent.ThreadPoolTaskExecutor  : Shutting down ExecutorService 'applicationTaskExecutor'
2021-03-16 14:46:21.319  INFO 48900 --- [Thread-2] com.zaxxer.hikari.HikariDataSource       : HikariPool-1 - Shutdown initiated...
2021-03-16 14:46:21.344  INFO 48900 --- [Thread-2] com.zaxxer.hikari.HikariDataSource       : HikariPool-1 - Shutdown completed.
2021-03-16 14:46:25.081  INFO 49002 --- [main] com.manda.go.SOFABootWebApplication      : Starting SOFABootWebApplication on DNID0683L01.local with PID 49002 (/Users/prakosoa/Documents/DANALearning/DANA-go/go/app/web/target/classes started by prakosoa in /Users/prakosoa/Documents/DANALearning/DANA-go/go)
2021-03-16 14:46:25.082  INFO 49002 --- [main] com.manda.go.SOFABootWebApplication      : No active profile set, falling back to default profiles: default
2021-03-16 14:46:26.013  WARN 49002 --- [main] o.m.s.mapper.ClassPathMapperScanner      : No MyBatis mapper was found in '[com.manda.go]' package. Please check your configuration.
2021-03-16 14:46:26.578  INFO 49002 --- [main] o.s.b.w.embedded.tomcat.TomcatWebServer  : Tomcat initialized with port(s): 8082 (http)
2021-03-16 14:46:26.609  INFO 49002 --- [main] o.apache.catalina.core.StandardService   : Starting service [Tomcat]
2021-03-16 14:46:26.609  INFO 49002 --- [main] org.apache.catalina.core.StandardEngine  : Starting Servlet engine: [Apache Tomcat/9.0.37]
2021-03-16 14:46:26.696  INFO 49002 --- [main] o.a.c.c.C.[Tomcat].[localhost].[/]       : Initializing Spring embedded WebApplicationContext
2021-03-16 14:46:26.696  INFO 49002 --- [main] o.s.web.context.ContextLoader            : Root WebApplicationContext: initialization completed in 1567 ms
2021-03-16 14:46:27.244  INFO 49002 --- [main] o.s.s.concurrent.ThreadPoolTaskExecutor  : Initializing ExecutorService 'applicationTaskExecutor'
2021-03-16 14:46:27.596  INFO 49002 --- [main] o.s.b.a.e.web.EndpointLinksResolver      : Exposing 4 endpoint(s) beneath base path '/actuator'
2021-03-16 14:46:27.873  WARN 49002 --- [sofa-module-start-go-common-dal] o.m.s.mapper.ClassPathMapperScanner      : No MyBatis mapper was found in '[com.manda.go]' package. Please check your configuration.
2021-03-16 14:46:27.875  WARN 49002 --- [sofa-module-start-go-biz-shared] o.m.s.mapper.ClassPathMapperScanner      : No MyBatis mapper was found in '[com.manda.go]' package. Please check your configuration.
2021-03-16 14:46:27.920  WARN 49002 --- [sofa-module-start-go-biz-service-impl] o.m.s.mapper.ClassPathMapperScanner      : No MyBatis mapper was found in '[com.manda.go]' package. Please check your configuration.
2021-03-16 14:46:27.920  WARN 49002 --- [sofa-module-start-go-core-service] o.m.s.mapper.ClassPathMapperScanner      : No MyBatis mapper was found in '[com.manda.go]' package. Please check your configuration.
2021-03-16 14:46:27.925  WARN 49002 --- [sofa-module-start-go-core-service] o.m.s.mapper.ClassPathMapperScanner      : Skipping MapperFactoryBean with name 'avatarManageDAO' and 'com.manda.go.common.dal.dai.AvatarManageDAO' mapperInterface. Bean already defined with the same name!
2021-03-16 14:46:27.926  WARN 49002 --- [sofa-module-start-go-core-service] o.m.s.mapper.ClassPathMapperScanner      : Skipping MapperFactoryBean with name 'gamePlayManageDAO' and 'com.manda.go.common.dal.dai.GamePlayManageDAO' mapperInterface. Bean already defined with the same name!
2021-03-16 14:46:27.926  WARN 49002 --- [sofa-module-start-go-core-service] o.m.s.mapper.ClassPathMapperScanner      : Skipping MapperFactoryBean with name 'missionManageDAO' and 'com.manda.go.common.dal.dai.MissionManageDAO' mapperInterface. Bean already defined with the same name!
2021-03-16 14:46:27.926  WARN 49002 --- [sofa-module-start-go-core-service] o.m.s.mapper.ClassPathMapperScanner      : No MyBatis mapper was found in '[com.manda.go.common.dal.dai]' package. Please check your configuration.
2021-03-16 14:46:28.018  INFO 49002 --- [main] com.zaxxer.hikari.HikariDataSource       : HikariPool-1 - Starting...
2021-03-16 14:46:28.165  INFO 49002 --- [main] com.zaxxer.hikari.HikariDataSource       : HikariPool-1 - Start completed.
2021-03-16 14:46:28.238  INFO 49002 --- [main] o.s.b.w.embedded.tomcat.TomcatWebServer  : Tomcat started on port(s): 8082 (http) with context path ''
2021-03-16 14:46:28.240  INFO 49002 --- [main] com.manda.go.SOFABootWebApplication      : Started SOFABootWebApplication in 3.719 seconds (JVM running for 4.191)
2021-03-16 14:46:46.214  INFO 49002 --- [http-nio-8082-exec-1] o.a.c.c.C.[Tomcat].[localhost].[/]       : Initializing Spring DispatcherServlet 'dispatcherServlet'
2021-03-16 14:46:46.232  INFO 49002 --- [http-nio-8082-exec-1] o.s.web.servlet.DispatcherServlet        : Initializing Servlet 'dispatcherServlet'
2021-03-16 14:46:46.258  INFO 49002 --- [http-nio-8082-exec-1] o.s.web.servlet.DispatcherServlet        : Completed initialization in 25 ms
2021-03-16 15:07:20.744  WARN 49002 --- [http-nio-8082-exec-6] .w.s.m.s.DefaultHandlerExceptionResolver : Resolved [org.springframework.web.HttpRequestMethodNotSupportedException: Request method 'GET' not supported]
2021-03-16 15:08:35.971  WARN 49002 --- [http-nio-8082-exec-9] .w.s.m.s.DefaultHandlerExceptionResolver : Resolved [org.springframework.web.HttpMediaTypeNotSupportedException: Content type 'text/plain;charset=UTF-8' not supported]
