2021-03-16 14:41:29,869 ERROR main                             - Install module go-biz-shared got an error!
org.springframework.beans.factory.parsing.BeanDefinitionParsingException: Configuration problem: Bean class [com.manda.go.service.shared.NewsReadServiceImpl] not found
Offending resource: file [/Users/prakosoa/Documents/DANALearning/DANA-go/go/app/biz/shared/target/classes/META-INF/spring/biz-shared-service.xml]
Bean 'newReadService'; nested exception is java.lang.ClassNotFoundException: com.manda.go.service.shared.NewsReadServiceImpl
	at org.springframework.beans.factory.parsing.FailFastProblemReporter.error(FailFastProblemReporter.java:72)
	at org.springframework.beans.factory.parsing.ReaderContext.error(ReaderContext.java:119)
	at org.springframework.beans.factory.xml.BeanDefinitionParserDelegate.error(BeanDefinitionParserDelegate.java:288)
	at org.springframework.beans.factory.xml.BeanDefinitionParserDelegate.parseBeanDefinitionElement(BeanDefinitionParserDelegate.java:534)
	at org.springframework.beans.factory.xml.BeanDefinitionParserDelegate.parseBeanDefinitionElement(BeanDefinitionParserDelegate.java:437)
	at org.springframework.beans.factory.xml.BeanDefinitionParserDelegate.parseBeanDefinitionElement(BeanDefinitionParserDelegate.java:405)
	at org.springframework.beans.factory.xml.DefaultBeanDefinitionDocumentReader.processBeanDefinition(DefaultBeanDefinitionDocumentReader.java:306)
	at org.springframework.beans.factory.xml.DefaultBeanDefinitionDocumentReader.parseDefaultElement(DefaultBeanDefinitionDocumentReader.java:197)
	at org.springframework.beans.factory.xml.DefaultBeanDefinitionDocumentReader.parseBeanDefinitions(DefaultBeanDefinitionDocumentReader.java:176)
	at org.springframework.beans.factory.xml.DefaultBeanDefinitionDocumentReader.doRegisterBeanDefinitions(DefaultBeanDefinitionDocumentReader.java:149)
	at org.springframework.beans.factory.xml.DefaultBeanDefinitionDocumentReader.registerBeanDefinitions(DefaultBeanDefinitionDocumentReader.java:96)
	at org.springframework.beans.factory.xml.XmlBeanDefinitionReader.registerBeanDefinitions(XmlBeanDefinitionReader.java:514)
	at org.springframework.beans.factory.xml.XmlBeanDefinitionReader.doLoadBeanDefinitions(XmlBeanDefinitionReader.java:394)
	at org.springframework.beans.factory.xml.XmlBeanDefinitionReader.loadBeanDefinitions(XmlBeanDefinitionReader.java:337)
	at org.springframework.beans.factory.xml.XmlBeanDefinitionReader.loadBeanDefinitions(XmlBeanDefinitionReader.java:305)
	at com.alipay.sofa.isle.loader.DynamicSpringContextLoader.loadBeanDefinitions(DynamicSpringContextLoader.java:105)
	at com.alipay.sofa.isle.loader.DynamicSpringContextLoader.loadSpringContext(DynamicSpringContextLoader.java:97)
	at com.alipay.sofa.isle.stage.SpringContextInstallStage.installSpringContext(SpringContextInstallStage.java:104)
	at com.alipay.sofa.isle.stage.SpringContextInstallStage.doProcess(SpringContextInstallStage.java:81)
	at com.alipay.sofa.isle.stage.SpringContextInstallStage.doProcess(SpringContextInstallStage.java:71)
	at com.alipay.sofa.isle.stage.AbstractPipelineStage.process(AbstractPipelineStage.java:44)
	at com.alipay.sofa.isle.stage.DefaultPipelineContext.process(DefaultPipelineContext.java:33)
	at com.alipay.sofa.isle.spring.listener.SofaModuleContextRefreshedListener.onApplicationEvent(SofaModuleContextRefreshedListener.java:50)
	at com.alipay.sofa.isle.spring.listener.SofaModuleContextRefreshedListener.onApplicationEvent(SofaModuleContextRefreshedListener.java:38)
	at org.springframework.context.event.SimpleApplicationEventMulticaster.doInvokeListener(SimpleApplicationEventMulticaster.java:172)
	at org.springframework.context.event.SimpleApplicationEventMulticaster.invokeListener(SimpleApplicationEventMulticaster.java:165)
	at org.springframework.context.event.SimpleApplicationEventMulticaster.multicastEvent(SimpleApplicationEventMulticaster.java:139)
	at org.springframework.context.support.AbstractApplicationContext.publishEvent(AbstractApplicationContext.java:402)
	at org.springframework.context.support.AbstractApplicationContext.publishEvent(AbstractApplicationContext.java:359)
	at org.springframework.context.support.AbstractApplicationContext.finishRefresh(AbstractApplicationContext.java:896)
	at org.springframework.boot.web.servlet.context.ServletWebServerApplicationContext.finishRefresh(ServletWebServerApplicationContext.java:162)
	at org.springframework.context.support.AbstractApplicationContext.refresh(AbstractApplicationContext.java:552)
	at org.springframework.boot.web.servlet.context.ServletWebServerApplicationContext.refresh(ServletWebServerApplicationContext.java:141)
	at org.springframework.boot.SpringApplication.refresh(SpringApplication.java:744)
	at org.springframework.boot.SpringApplication.refreshContext(SpringApplication.java:391)
	at org.springframework.boot.SpringApplication.run(SpringApplication.java:312)
	at org.springframework.boot.SpringApplication.run(SpringApplication.java:1215)
	at org.springframework.boot.SpringApplication.run(SpringApplication.java:1204)
	at com.manda.go.SOFABootWebApplication.main(SOFABootWebApplication.java:37)
Caused by: java.lang.ClassNotFoundException: com.manda.go.service.shared.NewsReadServiceImpl
	at java.base/jdk.internal.loader.BuiltinClassLoader.loadClass(BuiltinClassLoader.java:581)
	at java.base/jdk.internal.loader.ClassLoaders$AppClassLoader.loadClass(ClassLoaders.java:178)
	at java.base/java.lang.ClassLoader.loadClass(ClassLoader.java:522)
	at java.base/java.lang.Class.forName0(Native Method)
	at java.base/java.lang.Class.forName(Class.java:398)
	at org.springframework.util.ClassUtils.forName(ClassUtils.java:281)
	at org.springframework.beans.factory.support.BeanDefinitionReaderUtils.createBeanDefinition(BeanDefinitionReaderUtils.java:64)
	at org.springframework.beans.factory.xml.BeanDefinitionParserDelegate.createBeanDefinition(BeanDefinitionParserDelegate.java:642)
	at org.springframework.beans.factory.xml.BeanDefinitionParserDelegate.parseBeanDefinitionElement(BeanDefinitionParserDelegate.java:515)
	... 35 common frames omitted
